
::1 /setTile?x=9&y=9&c=2ccce4&id=0 1524013421076
::1 /setTile?x=8&y=9&c=f47373&id=0 1524013466554
::1 /setTile?x=8&y=9&c=f47373&id=0 1524013468137
::1 /setTile?x=8&y=3&c=2ccce4&id=0 1524013474496
::1 /setTile?x=9&y=6&c=2ccce4&id=0 1524013475035
::1 /setTile?x=9&y=8&c=2ccce4&id=0 1524013475352
::1 /setTile?x=4&y=7&c=B45&id=0 1524013478484
::1 /setTile?x=7&y=6&c=B45&id=0 1524013479485
::1 /setTile?x=5&y=5&c=B45&id=0 1524013479989
::1 /setTile?x=2&y=1&c=697689&id=0 1524013569046
::1 /setTile?x=5&y=0&c=B45&id=1 1524013889362
::1 /setTile?x=8&y=2&c=B45&id=1 1524013945212
::1 /setTile?x=8&y=1&c=B45&id=1 1524013945943
::1 /setTile?x=2&y=7&c=B45&id=1 1524014049768
::1 /setTile?x=1&y=5&c=B45&id=1 1524014050112
::1 /setTile?x=3&y=3&c=B45&id=1 1524014106620
::1 /setTile?x=3&y=3&c=B45&id=1 1524014106982
::1 /setTile?x=3&y=4&c=B45&id=1 1524014107298
::1 /setTile?x=3&y=3&c=2ccce4&id=1 1524014109174
::1 /setTile?x=3&y=4&c=2ccce4&id=1 1524014109552
::1 /setTile?x=6&y=3&c=B45&id=1 1524019994527
::1 /setTile?x=1&y=3&c=37d67a&id=1 1524020005014
::1 /setTile?x=1&y=4&c=37d67a&id=1 1524020008807
::1 /setTile?x=1&y=4&c=37d67a&id=1 1524020009416
::1 /setTile?x=1&y=6&c=ba68c8&id=1 1524020012481
::1 /setTile?x=1&y=8&c=ba68c8&id=1 1524020012876
::1 /setTile?x=2&y=7&c=ba68c8&id=1 1524020013582
::1 /setTile?x=6&y=4&c=ba68c8&id=1 1524020013874
::1 /setTile?x=1&y=6&c=ba68c8&id=1 1524020014593
::1 /setTile?x=6&y=6&c=ba68c8&id=1 1524020014919
::1 /setTile?x=3&y=8&c=ba68c8&id=1 1524020015507
::1 /setTile?x=8&y=8&c=ba68c8&id=1 1524020015955
::1 /setTile?x=4&y=8&c=ba68c8&id=1 1524020016579
::1 /setTile?x=4&y=8&c=ba68c8&id=1 1524020016774
::1 /setTile?x=4&y=4&c=ba68c8&id=1 1524020017649
::1 /setTile?x=4&y=4&c=ba68c8&id=1 1524020018013
::1 /setTile?x=4&y=5&c=ba68c8&id=1 1524020018612
::1 /setTile?x=4&y=5&c=ba68c8&id=1 1524020019029
::1 /setTile?x=5&y=6&c=ba68c8&id=1 1524020019996
::1 /setTile?x=5&y=7&c=ba68c8&id=1 1524020020565
::1 /setTile?x=5&y=8&c=ba68c8&id=1 1524020021055
::1 /setTile?x=5&y=9&c=ba68c8&id=1 1524020021548
::1 /setTile?x=0&y=0&c=fff&id=1 1524190311430
::1 /setTile?x=0&y=0&c=fff&id=1 1524190337377
::1 /setTile?x=0&y=0&c=fff&id=1 1524190340696
::1 /setTile?x=0&y=0&c=fff&id=1 1524190357758
::1 /setTile?x=0&y=0&c=fff&id=1 1524190442860
::1 /setTile?x=0&y=0&c=fff&id=1 1524190483731
::1 /setTile?x=0&y=0&c=fff&id=1 1524190499360
::1 /setTile?x=0&y=0&c=fff&id=1 1524190524361
::1 /setTile?x=0&y=0&c=fff&id=1 1524190582635
::1 /setTile?x=0&y=0&c=fff&id=1 1524190613398
::1 /setTile?x=0&y=0&c=fff&id=1 1524190642721
::1 /setTile?x=0&y=0&c=fff&id=1 1524190661507
::1 /setTile?x=0&y=0&c=fff&id=1 1524190692545
::1 /setTile?x=0&y=0&c=fff&id=1 1524190744656
::1 /setTile?x=0&y=0&c=fff&id=1 1524190835267
::1 /setTile?x=0&y=0&c=fff&id=1 1524190897441
::1 /setTile?x=0&y=0&c=fff&id=1 1524190903491
::1 /setTile?x=0&y=0&c=fff&id=1 1524190925590
::1 /setTile?x=0&y=0&c=fff&id=1 1524190955252
::1 /setTile?x=0&y=0&c=fff&id=1 1524191034415
::1 /setTile?x=0&y=0&c=fff&id=1 1524191215779
::1 /setTile?x=0&y=0&c=111&id=1 1524191221423
::1 /setTile?x=0&y=0&c=000&id=1 1524191623317
::1 /getTile?x=3&y=3&id=0 1524192514932
::1 /getTile?x=18&y=210&id=0 1524192531708
::1 /getTile?x=17&y=211&id=0 1524192550543
::1 /getTile?x=211&y=17&id=0 1524192599736
::1 /setTile?x=0&y=1&c=000&id=0 1524192696418
::1 /setTile?x=0&y=1&c=000&id=0 1524192725374
::1 /setTile?x=0&y=1&c=000&id=1 1524192745944
::1 /setTile?x=0&y=1&c=000&id=1 1524192776755
::1 /setTile?x=0&y=2&c=000&id=1 1524192782740
::1 /setTile?x=0&y=4&c=000&id=1 1524192804775
::1 /setTile?x=0&y=4&c=000&id=1 1524193703711
::1 /setTile?x=0&y=10&c=000&id=1 1524193706854
::1 /setTile?x=0&y=10&c=ddd&id=1 1524193710371
::1 /setTile?x=0&y=10&c=888&id=1 1524193722688
::1 /setTile?x=8&y=8&c=F11&id=1 1524252037864
::1 /setTile?x=9&y=9&c=F11&id=1 1524252089543
::1 /setTile?x=9&y=9&c=F11&id=1 1524252120994
::1 /setTile?x=9&y=9&c=7E5109&id=1 1524252121999
::1 /setTile?x=9&y=9&c=F11&id=1 1524252147026
::1 /setTile?x=9&y=9&c=7E5109&id=1 1524252148029
::1 /setTile?x=9&y=9&c=F11&id=1 1524252188295
::1 /setTile?x=9&y=9&c=7E5109&id=1 1524252189296
::1 /setTile?x=9&y=9&c=F11&id=1 1524252212177
::1 /setTile?x=9&y=9&c=7E5109&id=1 1524252213177
::1 /setTile?x=9&y=9&c=F11&id=1 1524252219190
::1 /setTile?x=9&y=9&c=F11&id=1 1524252219822
::1 /setTile?x=9&y=9&c=7E5109&id=1 1524252220191
::1 /setTile?x=9&y=9&c=7E5109&id=1 1524252220824
::1 /setTile?x=9&y=9&c=F11&id=1 1524253760047
::1 /setTile?x=9&y=9&c=7E5109&id=1 1524253761043
::1 /setTile?x=9&y=9&c=F11&id=1 1524253768765
::1 /setTile?x=9&y=9&c=7E5109&id=1 1524253769768
::1 /setTile?x=9&y=9&c=F11&id=1 1524255069980
::1 /setTile?x=9&y=9&c=7E5109&id=1 1524255070980
::1 /setTile?x=9&y=9&c=F11&id=1 1524255082080
::1 /setTile?x=9&y=9&c=7E5109&id=1 1524255083083
::1 /setTile?x=9&y=9&c=F11&id=1 1524255088932
::1 /setTile?x=9&y=9&c=7E5109&id=1 1524255089933
::1 /setTile?x=9&y=9&c=F11&id=1 1524255181656
::1 /setTile?x=9&y=9&c=7E5109&id=1 1524255182658
::1 /setTile?x=9&y=9&c=F11&id=1 1524255197003
::1 /setTile?x=9&y=9&c=7E5109&id=1 1524255198009
::1 /setTile?x=9&y=9&c=F11&id=1 1524255209158
::1 /setTile?x=9&y=9&c=F11&id=1 1524255210125
::1 /setTile?x=9&y=9&c=7E5109&id=1 1524255210164
::1 /setTile?x=9&y=9&c=7E5109&id=1 1524255211131
::1 /setTile?x=9&y=9&c=F11&id=1 1524255902062
::1 /setTile?x=9&y=9&c=7E5109&id=1 1524255903054
::1 /setTile?x=9&y=9&c=F11&id=1 1524255979778
::1 /setTile?x=9&y=9&c=7E5109&id=1 1524255980772
::1 /setTile?x=9&y=9&c=F11&id=1 1524256078633
::1 /setTile?x=9&y=9&c=7E5109&id=1 1524256079636
::1 /setTile?x=9&y=9&c=F11&id=1 1524256288164
::1 /setTile?x=9&y=9&c=7E5109&id=1 1524256289159
::1 /setTile?x=9&y=9&c=F11&id=1 1524256293818
::1 /setTile?x=9&y=9&c=7E5109&id=1 1524256294820
::1 /setTile?x=9&y=9&c=F11&id=1 1524256297963
::1 /setTile?x=9&y=9&c=7E5109&id=1 1524256298967
::1 /setTile?x=9&y=9&c=F11&id=1 1524256328250
::1 /setTile?x=9&y=9&c=7E5109&id=1 1524256329254
::1 /setTile?x=9&y=9&c=F11&id=1 1524256446311
::1 /setTile?x=9&y=9&c=7E5109&id=1 1524256447311
::1 /setTile?x=9&y=9&c=F11&id=1 1524256470629
::1 /setTile?x=9&y=9&c=7E5109&id=1 1524256471623
::1 /setTile?x=9&y=9&c=F11&id=1 1524256615310
::1 /setTile?x=9&y=9&c=F11&id=1 1524256615320
::1 /setTile?x=9&y=9&c=F11&id=1 1524256615324
::1 /setTile?x=9&y=9&c=F11&id=1 1524256615325
::1 /setTile?x=9&y=9&c=F11&id=1 1524256615327
::1 /setTile?x=9&y=9&c=7E5109&id=1 1524256616302
::1 /setTile?x=9&y=9&c=7E5109&id=1 1524256617300
::1 /setTile?x=9&y=9&c=7E5109&id=1 1524256621308
::1 /setTile?x=9&y=9&c=7E5109&id=1 1524256622301
::1 /setTile?x=9&y=9&c=7E5109&id=1 1524256623301
::1 /setTile?x=9&y=9&c=7E5109&id=1 1524256624303
::1 /setTile?x=9&y=9&c=7E5109&id=1 1524256639167
::1 /setTile?x=9&y=9&c=7E5109&id=1 1524256640191
::1 /setTile?x=81&y=9&c=F11&id=1 1524256815692
::1 /setTile?x=153&y=9&c=F11&id=1 1524256815699
::1 /setTile?x=441&y=81&c=F11&id=1 1524256815700
::1 /setTile?x=441&y=153&c=F11&id=1 1524256815701
::1 /setTile?x=441&y=225&c=F11&id=1 1524256815703
::1 /setTile?x=9&y=9&c=C0392B&id=1 1524256816685
::1 /setTile?x=153&y=9&c=E74C3C&id=1 1524256817685
::1 /setTile?x=441&y=81&c=1ABC9C&id=1 1524256822682
::1 /setTile?x=441&y=153&c=16A085&id=1 1524256823688
::1 /setTile?x=441&y=225&c=27AE60&id=1 1524256824683
::1 /setTile?x=9&y=81&c=7D6608&id=1 1524256839258
::1 /setTile?x=9&y=9&c=7E5109&id=1 1524256840010
::1 /setTile?x=81&y=9&c=F11&id=1 1524257017362
::1 /setTile?x=153&y=9&c=F11&id=1 1524257017373
::1 /setTile?x=441&y=81&c=F11&id=1 1524257017380
::1 /setTile?x=441&y=153&c=F11&id=1 1524257017381
::1 /setTile?x=9&y=9&c=F11&id=1 1524257017384
::1 /setTile?x=9&y=9&c=C0392B&id=1 1524257018354
::1 /setTile?x=153&y=9&c=E74C3C&id=1 1524257019354
::1 /setTile?x=441&y=81&c=1ABC9C&id=1 1524257024351
::1 /setTile?x=81&y=9&c=F11&id=1 1524257032842
::1 /setTile?x=153&y=9&c=F11&id=1 1524257032844
::1 /setTile?x=9&y=9&c=C0392B&id=1 1524257033842
::1 /setTile?x=153&y=9&c=E74C3C&id=1 1524257034845
::1 /setTile?x=81&y=9&c=F11&id=1 1524257106546
::1 /setTile?x=153&y=9&c=F11&id=1 1524257106553
::1 /setTile?x=9&y=9&c=C0392B&id=1 1524257107535
::1 /setTile?x=153&y=9&c=E74C3C&id=1 1524257108538
::1 /setTile?x=81&y=9&c=F11&id=1 1524257205533
::1 /setTile?x=153&y=9&c=F11&id=1 1524257205541
::1 /setTile?x=9&y=9&c=C0392B&id=1 1524257206524
::1 /setTile?x=153&y=9&c=E74C3C&id=1 1524257207523
::1 /setTile?x=81&y=9&c=F11&id=1 1524257331744
::1 /setTile?x=153&y=9&c=F11&id=1 1524257331754
::1 /setTile?x=9&y=9&c=C0392B&id=1 1524257332737
::1 /setTile?x=153&y=9&c=E74C3C&id=1 1524257333741
::1 /setTile?x=81&y=9&c=F11&id=1 1524257352517
::1 /setTile?x=153&y=9&c=F11&id=1 1524257352519
::1 /setTile?x=81&y=9&c=C0392B&id=1 1524257353519
::1 /setTile?x=153&y=9&c=E74C3C&id=1 1524257354520
::1 /setTile?x=81&y=9&c=F11&id=1 1524257619753
::1 /setTile?x=153&y=9&c=F11&id=1 1524257619762
::1 /setTile?x=81&y=9&c=C0392B&id=1 1524257620752
::1 /setTile?x=441&y=81&c=F11&id=1 1524257620753
::1 /setTile?x=441&y=153&c=F11&id=1 1524257620756
::1 /setTile?x=153&y=9&c=E74C3C&id=1 1524257621752
::1 /setTile?x=441&y=225&c=F11&id=1 1524257621755
::1 /setTile?x=9&y=81&c=F11&id=1 1524257622750
::1 /setTile?x=9&y=9&c=F11&id=1 1524257622752
::1 /setTile?x=441&y=81&c=1ABC9C&id=1 1524257627759
::1 /setTile?x=441&y=153&c=16A085&id=1 1524257628757
::1 /setTile?x=441&y=225&c=27AE60&id=1 1524257630758
::1 /setTile?x=9&y=81&c=7D6608&id=1 1524257645757
::1 /setTile?x=9&y=9&c=7E5109&id=1 1524257646756
::1 /setTile?x=81&y=9&c=F11&id=1 1524257649400
::1 /setTile?x=153&y=9&c=F11&id=1 1524257649402
::1 /setTile?x=81&y=9&c=C0392B&id=1 1524257650403
::1 /setTile?x=441&y=81&c=F11&id=1 1524257650405
::1 /setTile?x=441&y=153&c=F11&id=1 1524257650408
::1 /setTile?x=153&y=9&c=E74C3C&id=1 1524257651403
::1 /setTile?x=441&y=225&c=F11&id=1 1524257651405
::1 /setTile?x=9&y=81&c=F11&id=1 1524257652407
::1 /setTile?x=9&y=9&c=F11&id=1 1524257652408
::1 /setTile?x=441&y=81&c=1ABC9C&id=1 1524257657409
::1 /setTile?x=441&y=153&c=16A085&id=1 1524257658408
::1 /setTile?x=441&y=225&c=27AE60&id=1 1524257660678
::1 /setTile?x=9&y=81&c=7D6608&id=1 1524257675408
::1 /setTile?x=9&y=9&c=7E5109&id=1 1524257676408
::1 /setTile?x=249&y=251&c=0d3&id=1 1524258486003
::1 /setTile?x=249&y=247&c=0d3&id=1 1524258486013
::1 /setTile?x=251&y=249&c=0d3&id=1 1524258486015
::1 /setTile?x=247&y=249&c=0d3&id=1 1524258486016
::1 /setTile?x=249&y=252&c=0d3&id=1 1524258486797
::1 /setTile?x=249&y=246&c=0d3&id=1 1524258486799
::1 /setTile?x=252&y=249&c=0d3&id=1 1524258486800
::1 /setTile?x=246&y=249&c=0d3&id=1 1524258486801
::1 /setTile?x=249&y=253&c=0d3&id=1 1524258487595
::1 /setTile?x=249&y=245&c=0d3&id=1 1524258487597
::1 /setTile?x=253&y=249&c=0d3&id=1 1524258487599
::1 /setTile?x=245&y=249&c=0d3&id=1 1524258487600
::1 /setTile?x=249&y=254&c=0d3&id=1 1524258488394
::1 /setTile?x=249&y=255&c=0d3&id=1 1524258489198
::1 /setTile?x=249&y=243&c=0d3&id=1 1524258489200
::1 /setTile?x=255&y=249&c=0d3&id=1 1524258489201
::1 /setTile?x=243&y=249&c=0d3&id=1 1524258489202
::1 /setTile?x=249&y=256&c=0d3&id=1 1524258489994
::1 /setTile?x=249&y=242&c=0d3&id=1 1524258489995
::1 /setTile?x=256&y=249&c=0d3&id=1 1524258489997
::1 /setTile?x=242&y=249&c=0d3&id=1 1524258489999
::1 /setTile?x=249&y=257&c=0d3&id=1 1524258490797
::1 /setTile?x=249&y=241&c=0d3&id=1 1524258490798
::1 /setTile?x=257&y=249&c=0d3&id=1 1524258490800
::1 /setTile?x=241&y=249&c=0d3&id=1 1524258490802
::1 /setTile?x=249&y=258&c=0d3&id=1 1524258492219
::1 /setTile?x=249&y=240&c=0d3&id=1 1524258492220
::1 /setTile?x=258&y=249&c=0d3&id=1 1524258492221
::1 /setTile?x=240&y=249&c=0d3&id=1 1524258492222
::1 /setTile?x=249&y=259&c=0d3&id=1 1524258493104
::1 /setTile?x=249&y=239&c=0d3&id=1 1524258493105
::1 /setTile?x=259&y=249&c=0d3&id=1 1524258493107
::1 /setTile?x=239&y=249&c=0d3&id=1 1524258493108
::1 /setTile?x=249&y=260&c=0d3&id=1 1524258494170
::1 /setTile?x=249&y=238&c=0d3&id=1 1524258494172
::1 /setTile?x=260&y=249&c=0d3&id=1 1524258494173
::1 /setTile?x=238&y=249&c=0d3&id=1 1524258494174
::1 /setTile?x=249&y=261&c=0d3&id=1 1524258495285
::1 /setTile?x=249&y=237&c=0d3&id=1 1524258495286
::1 /setTile?x=261&y=249&c=0d3&id=1 1524258495287
::1 /setTile?x=237&y=249&c=0d3&id=1 1524258495289
::1 /setTile?x=249&y=262&c=0d3&id=1 1524258496264
::1 /setTile?x=249&y=236&c=0d3&id=1 1524258496267
::1 /setTile?x=262&y=249&c=0d3&id=1 1524258496268
::1 /setTile?x=236&y=249&c=0d3&id=1 1524258496272
::1 /setTile?x=249&y=263&c=0d3&id=1 1524258497052
::1 /setTile?x=249&y=235&c=0d3&id=1 1524258497054
::1 /setTile?x=263&y=249&c=0d3&id=1 1524258497055
::1 /setTile?x=235&y=249&c=0d3&id=1 1524258497056
::1 /setTile?x=249&y=264&c=0d3&id=1 1524258498019
::1 /setTile?x=249&y=234&c=0d3&id=1 1524258498020
::1 /setTile?x=264&y=249&c=0d3&id=1 1524258498026
::1 /setTile?x=234&y=249&c=0d3&id=1 1524258498027
::1 /setTile?x=249&y=265&c=0d3&id=1 1524258499069
::1 /setTile?x=249&y=233&c=0d3&id=1 1524258499070
::1 /setTile?x=265&y=249&c=0d3&id=1 1524258499072
::1 /setTile?x=233&y=249&c=0d3&id=1 1524258499073
::1 /setTile?x=249&y=266&c=0d3&id=1 1524258500106
::1 /setTile?x=249&y=232&c=0d3&id=1 1524258500107
::1 /setTile?x=266&y=249&c=0d3&id=1 1524258500109
::1 /setTile?x=232&y=249&c=0d3&id=1 1524258500111
::1 /setTile?x=249&y=267&c=0d3&id=1 1524258501206
::1 /setTile?x=249&y=231&c=0d3&id=1 1524258501207
::1 /setTile?x=267&y=249&c=0d3&id=1 1524258501208
::1 /setTile?x=231&y=249&c=0d3&id=1 1524258501209
::1 /setTile?x=249&y=268&c=0d3&id=1 1524258502041
::1 /setTile?x=249&y=230&c=0d3&id=1 1524258502043
::1 /setTile?x=268&y=249&c=0d3&id=1 1524258502044
::1 /setTile?x=230&y=249&c=0d3&id=1 1524258502046
::1 /setTile?x=249&y=269&c=0d3&id=1 1524258503072
::1 /setTile?x=249&y=229&c=0d3&id=1 1524258503074
::1 /setTile?x=269&y=249&c=0d3&id=1 1524258503075
::1 /setTile?x=229&y=249&c=0d3&id=1 1524258503076
::1 /setTile?x=249&y=270&c=0d3&id=1 1524258503617
::1 /setTile?x=249&y=228&c=0d3&id=1 1524258503618
::1 /setTile?x=270&y=249&c=0d3&id=1 1524258503627
::1 /setTile?x=228&y=249&c=0d3&id=1 1524258503627
::1 /setTile?x=249&y=271&c=0d3&id=1 1524258504397
::1 /setTile?x=249&y=272&c=0d3&id=1 1524258505197
::1 /setTile?x=249&y=226&c=0d3&id=1 1524258505199
::1 /setTile?x=272&y=249&c=0d3&id=1 1524258505200
::1 /setTile?x=226&y=249&c=0d3&id=1 1524258505202
::1 /setTile?x=249&y=273&c=0d3&id=1 1524258505998
::1 /setTile?x=249&y=225&c=0d3&id=1 1524258506000
::1 /setTile?x=273&y=249&c=0d3&id=1 1524258506001
::1 /setTile?x=225&y=249&c=0d3&id=1 1524258506003
::1 /setTile?x=249&y=274&c=0d3&id=1 1524258506795
::1 /setTile?x=249&y=224&c=0d3&id=1 1524258506797
::1 /setTile?x=274&y=249&c=0d3&id=1 1524258506799
::1 /setTile?x=224&y=249&c=0d3&id=1 1524258506799
::1 /setTile?x=249&y=275&c=0d3&id=1 1524258507595
::1 /setTile?x=249&y=223&c=0d3&id=1 1524258507598
::1 /setTile?x=275&y=249&c=0d3&id=1 1524258507599
::1 /setTile?x=223&y=249&c=0d3&id=1 1524258507601
::1 /setTile?x=249&y=251&c=0d3&id=1 1524258521787
::1 /setTile?x=249&y=247&c=0d3&id=1 1524258521790
::1 /setTile?x=251&y=249&c=0d3&id=1 1524258521792
::1 /setTile?x=247&y=249&c=0d3&id=1 1524258521793
::1 /setTile?x=249&y=252&c=0d3&id=1 1524258522787
::1 /setTile?x=249&y=246&c=0d3&id=1 1524258522788
::1 /setTile?x=252&y=249&c=0d3&id=1 1524258522791
::1 /setTile?x=246&y=249&c=0d3&id=1 1524258522792
::1 /setTile?x=249&y=253&c=0d3&id=1 1524258523786
::1 /setTile?x=249&y=245&c=0d3&id=1 1524258523788
::1 /setTile?x=253&y=249&c=0d3&id=1 1524258523789
::1 /setTile?x=245&y=249&c=0d3&id=1 1524258523791
::1 /setTile?x=249&y=254&c=0d3&id=1 1524258524785
::1 /setTile?x=249&y=244&c=0d3&id=1 1524258524788
::1 /setTile?x=254&y=249&c=0d3&id=1 1524258524789
::1 /setTile?x=244&y=249&c=0d3&id=1 1524258524790
::1 /setTile?x=249&y=255&c=0d3&id=1 1524258525785
::1 /setTile?x=249&y=243&c=0d3&id=1 1524258525786
::1 /setTile?x=255&y=249&c=0d3&id=1 1524258525788
::1 /setTile?x=243&y=249&c=0d3&id=1 1524258525789
::1 /setTile?x=249&y=256&c=0d3&id=1 1524258526782
::1 /setTile?x=249&y=242&c=0d3&id=1 1524258526785
::1 /setTile?x=256&y=249&c=0d3&id=1 1524258526786
::1 /setTile?x=242&y=249&c=0d3&id=1 1524258526788
::1 /setTile?x=249&y=257&c=0d3&id=1 1524258527783
::1 /setTile?x=249&y=241&c=0d3&id=1 1524258527785
::1 /setTile?x=257&y=249&c=0d3&id=1 1524258527788
::1 /setTile?x=241&y=249&c=0d3&id=1 1524258527789
::1 /setTile?x=249&y=258&c=0d3&id=1 1524258528785
::1 /setTile?x=249&y=240&c=0d3&id=1 1524258528786
::1 /setTile?x=258&y=249&c=0d3&id=1 1524258528788
::1 /setTile?x=240&y=249&c=0d3&id=1 1524258528790
::1 /setTile?x=249&y=259&c=0d3&id=1 1524258529786
::1 /setTile?x=249&y=239&c=0d3&id=1 1524258529787
::1 /setTile?x=259&y=249&c=0d3&id=1 1524258529788
::1 /setTile?x=239&y=249&c=0d3&id=1 1524258529791
::1 /setTile?x=249&y=260&c=0d3&id=1 1524258530788
::1 /setTile?x=249&y=238&c=0d3&id=1 1524258530789
::1 /setTile?x=260&y=249&c=0d3&id=1 1524258530791
::1 /setTile?x=238&y=249&c=0d3&id=1 1524258530793
::1 /setTile?x=249&y=261&c=0d3&id=1 1524258531787
::1 /setTile?x=249&y=237&c=0d3&id=1 1524258531789
::1 /setTile?x=261&y=249&c=0d3&id=1 1524258531791
::1 /setTile?x=237&y=249&c=0d3&id=1 1524258531792
::1 /setTile?x=249&y=262&c=0d3&id=1 1524258532786
::1 /setTile?x=249&y=236&c=0d3&id=1 1524258532787
::1 /setTile?x=262&y=249&c=0d3&id=1 1524258532789
::1 /setTile?x=236&y=249&c=0d3&id=1 1524258532790
::1 /setTile?x=249&y=263&c=0d3&id=1 1524258533783
::1 /setTile?x=249&y=235&c=0d3&id=1 1524258533785
::1 /setTile?x=263&y=249&c=0d3&id=1 1524258533787
::1 /setTile?x=235&y=249&c=0d3&id=1 1524258533789
::1 /setTile?x=249&y=264&c=0d3&id=1 1524258534786
::1 /setTile?x=249&y=234&c=0d3&id=1 1524258534788
::1 /setTile?x=264&y=249&c=0d3&id=1 1524258534789
::1 /setTile?x=234&y=249&c=0d3&id=1 1524258534791
::1 /setTile?x=249&y=265&c=0d3&id=1 1524258535787
::1 /setTile?x=249&y=233&c=0d3&id=1 1524258535789
::1 /setTile?x=265&y=249&c=0d3&id=1 1524258535790
::1 /setTile?x=233&y=249&c=0d3&id=1 1524258535792
::1 /setTile?x=249&y=266&c=0d3&id=1 1524258536782
::1 /setTile?x=249&y=232&c=0d3&id=1 1524258536783
::1 /setTile?x=266&y=249&c=0d3&id=1 1524258536785
::1 /setTile?x=232&y=249&c=0d3&id=1 1524258536787
::1 /setTile?x=249&y=267&c=0d3&id=1 1524258537783
::1 /setTile?x=249&y=231&c=0d3&id=1 1524258537786
::1 /setTile?x=267&y=249&c=0d3&id=1 1524258537788
::1 /setTile?x=231&y=249&c=0d3&id=1 1524258537789
::1 /setTile?x=249&y=268&c=0d3&id=1 1524258538783
::1 /setTile?x=249&y=230&c=0d3&id=1 1524258538785
::1 /setTile?x=268&y=249&c=0d3&id=1 1524258538786
::1 /setTile?x=230&y=249&c=0d3&id=1 1524258538789
::1 /setTile?x=249&y=269&c=0d3&id=1 1524258539784
::1 /setTile?x=249&y=229&c=0d3&id=1 1524258539786
::1 /setTile?x=269&y=249&c=0d3&id=1 1524258539789
::1 /setTile?x=229&y=249&c=0d3&id=1 1524258539791
::1 /setTile?x=249&y=270&c=0d3&id=1 1524258540786
::1 /setTile?x=249&y=228&c=0d3&id=1 1524258540788
::1 /setTile?x=270&y=249&c=0d3&id=1 1524258540790
::1 /setTile?x=228&y=249&c=0d3&id=1 1524258540792
::1 /setTile?x=249&y=271&c=0d3&id=1 1524258541786
::1 /setTile?x=249&y=227&c=0d3&id=1 1524258541791
::1 /setTile?x=271&y=249&c=0d3&id=1 1524258541792
::1 /setTile?x=227&y=249&c=0d3&id=1 1524258541794
::1 /setTile?x=249&y=272&c=0d3&id=1 1524258542787
::1 /setTile?x=249&y=226&c=0d3&id=1 1524258542789
::1 /setTile?x=272&y=249&c=0d3&id=1 1524258542791
::1 /setTile?x=226&y=249&c=0d3&id=1 1524258542792
::1 /setTile?x=249&y=273&c=0d3&id=1 1524258543790
::1 /setTile?x=249&y=225&c=0d3&id=1 1524258543791
::1 /setTile?x=273&y=249&c=0d3&id=1 1524258543792
::1 /setTile?x=225&y=249&c=0d3&id=1 1524258543795
::1 /setTile?x=249&y=274&c=0d3&id=1 1524258544785
::1 /setTile?x=249&y=224&c=0d3&id=1 1524258544788
::1 /setTile?x=274&y=249&c=0d3&id=1 1524258544790
::1 /setTile?x=224&y=249&c=0d3&id=1 1524258544791
::1 /setTile?x=249&y=275&c=0d3&id=1 1524258545786
::1 /setTile?x=249&y=223&c=0d3&id=1 1524258545787
::1 /setTile?x=275&y=249&c=0d3&id=1 1524258545789
::1 /setTile?x=223&y=249&c=0d3&id=1 1524258545791
::1 /setTile?x=249&y=276&c=0d3&id=1 1524258546783
::1 /setTile?x=249&y=222&c=0d3&id=1 1524258546784
::1 /setTile?x=276&y=249&c=0d3&id=1 1524258546785
::1 /setTile?x=222&y=249&c=0d3&id=1 1524258546789
::1 /setTile?x=249&y=277&c=0d3&id=1 1524258547782
::1 /setTile?x=249&y=221&c=0d3&id=1 1524258547784
::1 /setTile?x=277&y=249&c=0d3&id=1 1524258547786
::1 /setTile?x=221&y=249&c=0d3&id=1 1524258547787
::1 /setTile?x=249&y=278&c=0d3&id=1 1524258548783
::1 /setTile?x=249&y=220&c=0d3&id=1 1524258548789
::1 /setTile?x=278&y=249&c=0d3&id=1 1524258548793
::1 /setTile?x=220&y=249&c=0d3&id=1 1524258548795
::1 /setTile?x=249&y=279&c=0d3&id=1 1524258549786
::1 /setTile?x=249&y=219&c=0d3&id=1 1524258549788
::1 /setTile?x=279&y=249&c=0d3&id=1 1524258549790
::1 /setTile?x=219&y=249&c=0d3&id=1 1524258549793
::1 /setTile?x=249&y=280&c=0d3&id=1 1524258550786
::1 /setTile?x=249&y=218&c=0d3&id=1 1524258550788
::1 /setTile?x=280&y=249&c=0d3&id=1 1524258550790
::1 /setTile?x=218&y=249&c=0d3&id=1 1524258550795
::1 /setTile?x=249&y=281&c=0d3&id=1 1524258551781
::1 /setTile?x=249&y=217&c=0d3&id=1 1524258551783
::1 /setTile?x=281&y=249&c=0d3&id=1 1524258551787
::1 /setTile?x=217&y=249&c=0d3&id=1 1524258551788
::1 /setTile?x=249&y=282&c=0d3&id=1 1524258552782
::1 /setTile?x=249&y=216&c=0d3&id=1 1524258552784
::1 /setTile?x=282&y=249&c=0d3&id=1 1524258552785
::1 /setTile?x=216&y=249&c=0d3&id=1 1524258552788
::1 /setTile?x=249&y=283&c=0d3&id=1 1524258553781
::1 /setTile?x=249&y=215&c=0d3&id=1 1524258553783
::1 /setTile?x=283&y=249&c=0d3&id=1 1524258553784
::1 /setTile?x=215&y=249&c=0d3&id=1 1524258553786
::1 /setTile?x=249&y=284&c=0d3&id=1 1524258554786
::1 /setTile?x=249&y=214&c=0d3&id=1 1524258554788
::1 /setTile?x=284&y=249&c=0d3&id=1 1524258554790
::1 /setTile?x=214&y=249&c=0d3&id=1 1524258554791
::1 /setTile?x=249&y=285&c=0d3&id=1 1524258555784
::1 /setTile?x=249&y=213&c=0d3&id=1 1524258555786
::1 /setTile?x=285&y=249&c=0d3&id=1 1524258555787
::1 /setTile?x=213&y=249&c=0d3&id=1 1524258555788
::1 /setTile?x=249&y=286&c=0d3&id=1 1524258556785
::1 /setTile?x=249&y=212&c=0d3&id=1 1524258556786
::1 /setTile?x=286&y=249&c=0d3&id=1 1524258556788
::1 /setTile?x=212&y=249&c=0d3&id=1 1524258556790
::1 /setTile?x=249&y=287&c=0d3&id=1 1524258557783
::1 /setTile?x=249&y=211&c=0d3&id=1 1524258557786
::1 /setTile?x=287&y=249&c=0d3&id=1 1524258557787
::1 /setTile?x=211&y=249&c=0d3&id=1 1524258557788
::1 /setTile?x=249&y=288&c=0d3&id=1 1524258558784
::1 /setTile?x=249&y=210&c=0d3&id=1 1524258558785
::1 /setTile?x=288&y=249&c=0d3&id=1 1524258558787
::1 /setTile?x=210&y=249&c=0d3&id=1 1524258558792
::1 /setTile?x=249&y=289&c=0d3&id=1 1524258559784
::1 /setTile?x=249&y=209&c=0d3&id=1 1524258559787
::1 /setTile?x=289&y=249&c=0d3&id=1 1524258559789
::1 /setTile?x=209&y=249&c=0d3&id=1 1524258559792
::1 /setTile?x=249&y=290&c=0d3&id=1 1524258560785
::1 /setTile?x=249&y=208&c=0d3&id=1 1524258560786
::1 /setTile?x=290&y=249&c=0d3&id=1 1524258560789
::1 /setTile?x=208&y=249&c=0d3&id=1 1524258560791
::1 /setTile?x=249&y=291&c=0d3&id=1 1524258561788
::1 /setTile?x=249&y=207&c=0d3&id=1 1524258561789
::1 /setTile?x=291&y=249&c=0d3&id=1 1524258561791
::1 /setTile?x=207&y=249&c=0d3&id=1 1524258561793
::1 /setTile?x=249&y=292&c=0d3&id=1 1524258562787
::1 /setTile?x=249&y=206&c=0d3&id=1 1524258562789
::1 /setTile?x=292&y=249&c=0d3&id=1 1524258562791
::1 /setTile?x=206&y=249&c=0d3&id=1 1524258562794
::1 /setTile?x=249&y=293&c=0d3&id=1 1524258563785
::1 /setTile?x=249&y=205&c=0d3&id=1 1524258563787
::1 /setTile?x=293&y=249&c=0d3&id=1 1524258563788
::1 /setTile?x=205&y=249&c=0d3&id=1 1524258563791
::1 /setTile?x=249&y=294&c=0d3&id=1 1524258564785
::1 /setTile?x=249&y=204&c=0d3&id=1 1524258564786
::1 /setTile?x=294&y=249&c=0d3&id=1 1524258564789
::1 /setTile?x=204&y=249&c=0d3&id=1 1524258564791
::1 /setTile?x=249&y=295&c=0d3&id=1 1524258565785
::1 /setTile?x=249&y=203&c=0d3&id=1 1524258565787
::1 /setTile?x=295&y=249&c=0d3&id=1 1524258565789
::1 /setTile?x=203&y=249&c=0d3&id=1 1524258565791
::1 /setTile?x=249&y=296&c=0d3&id=1 1524258566783
::1 /setTile?x=249&y=202&c=0d3&id=1 1524258566785
::1 /setTile?x=296&y=249&c=0d3&id=1 1524258566789
::1 /setTile?x=202&y=249&c=0d3&id=1 1524258566790
::1 /setTile?x=249&y=297&c=0d3&id=1 1524258567783
::1 /setTile?x=249&y=201&c=0d3&id=1 1524258567785
::1 /setTile?x=297&y=249&c=0d3&id=1 1524258567788
::1 /setTile?x=201&y=249&c=0d3&id=1 1524258567789
::1 /setTile?x=249&y=298&c=0d3&id=1 1524258569119
::1 /setTile?x=249&y=200&c=0d3&id=1 1524258569121
::1 /setTile?x=298&y=249&c=0d3&id=1 1524258569122
::1 /setTile?x=200&y=249&c=0d3&id=1 1524258569123
::1 /setTile?x=249&y=299&c=0d3&id=1 1524258570120
::1 /setTile?x=249&y=199&c=0d3&id=1 1524258570121
::1 /setTile?x=299&y=249&c=0d3&id=1 1524258570122
::1 /setTile?x=199&y=249&c=0d3&id=1 1524258570125
::1 /setTile?x=249&y=300&c=0d3&id=1 1524258570783
::1 /setTile?x=249&y=198&c=0d3&id=1 1524258570785
::1 /setTile?x=300&y=249&c=0d3&id=1 1524258570786
::1 /setTile?x=198&y=249&c=0d3&id=1 1524258570789
::1 /setTile?x=249&y=301&c=0d3&id=1 1524258571788
::1 /setTile?x=249&y=197&c=0d3&id=1 1524258571789
::1 /setTile?x=301&y=249&c=0d3&id=1 1524258571790
::1 /setTile?x=197&y=249&c=0d3&id=1 1524258571793
::1 /setTile?x=249&y=302&c=0d3&id=1 1524258572784
::1 /setTile?x=249&y=196&c=0d3&id=1 1524258572786
::1 /setTile?x=302&y=249&c=0d3&id=1 1524258572791
::1 /setTile?x=196&y=249&c=0d3&id=1 1524258572792
::1 /setTile?x=249&y=303&c=0d3&id=1 1524258573787
::1 /setTile?x=249&y=195&c=0d3&id=1 1524258573788
::1 /setTile?x=303&y=249&c=0d3&id=1 1524258573792
::1 /setTile?x=195&y=249&c=0d3&id=1 1524258573793
::1 /setTile?x=249&y=304&c=0d3&id=1 1524258574784
::1 /setTile?x=249&y=194&c=0d3&id=1 1524258574788
::1 /setTile?x=304&y=249&c=0d3&id=1 1524258574789
::1 /setTile?x=194&y=249&c=0d3&id=1 1524258574791
::1 /setTile?x=249&y=305&c=0d3&id=1 1524258575784
::1 /setTile?x=249&y=193&c=0d3&id=1 1524258575786
::1 /setTile?x=305&y=249&c=0d3&id=1 1524258575790
::1 /setTile?x=193&y=249&c=0d3&id=1 1524258575791
::1 /setTile?x=249&y=306&c=0d3&id=1 1524258576786
::1 /setTile?x=249&y=192&c=0d3&id=1 1524258576788
::1 /setTile?x=306&y=249&c=0d3&id=1 1524258576790
::1 /setTile?x=192&y=249&c=0d3&id=1 1524258576793
::1 /setTile?x=249&y=307&c=0d3&id=1 1524258577782
::1 /setTile?x=249&y=191&c=0d3&id=1 1524258577786
::1 /setTile?x=307&y=249&c=0d3&id=1 1524258577788
::1 /setTile?x=191&y=249&c=0d3&id=1 1524258577789
::1 /setTile?x=249&y=308&c=0d3&id=1 1524258578786
::1 /setTile?x=249&y=190&c=0d3&id=1 1524258578788
::1 /setTile?x=308&y=249&c=0d3&id=1 1524258578792
::1 /setTile?x=190&y=249&c=0d3&id=1 1524258578794
::1 /setTile?x=249&y=309&c=0d3&id=1 1524258579785
::1 /setTile?x=249&y=189&c=0d3&id=1 1524258579786
::1 /setTile?x=309&y=249&c=0d3&id=1 1524258579789
::1 /setTile?x=189&y=249&c=0d3&id=1 1524258579791
::1 /setTile?x=249&y=310&c=0d3&id=1 1524258580785
::1 /setTile?x=249&y=188&c=0d3&id=1 1524258580787
::1 /setTile?x=310&y=249&c=0d3&id=1 1524258580791
::1 /setTile?x=188&y=249&c=0d3&id=1 1524258580793
::1 /setTile?x=249&y=311&c=0d3&id=1 1524258581786
::1 /setTile?x=249&y=187&c=0d3&id=1 1524258581789
::1 /setTile?x=311&y=249&c=0d3&id=1 1524258581790
::1 /setTile?x=187&y=249&c=0d3&id=1 1524258581793
::1 /setTile?x=249&y=312&c=0d3&id=1 1524258582787
::1 /setTile?x=249&y=186&c=0d3&id=1 1524258582788
::1 /setTile?x=312&y=249&c=0d3&id=1 1524258582790
::1 /setTile?x=186&y=249&c=0d3&id=1 1524258582792
::1 /setTile?x=249&y=313&c=0d3&id=1 1524258583786
::1 /setTile?x=249&y=185&c=0d3&id=1 1524258583787
::1 /setTile?x=313&y=249&c=0d3&id=1 1524258583791
::1 /setTile?x=185&y=249&c=0d3&id=1 1524258583792
::1 /setTile?x=249&y=314&c=0d3&id=1 1524258584784
::1 /setTile?x=249&y=184&c=0d3&id=1 1524258584785
::1 /setTile?x=314&y=249&c=0d3&id=1 1524258584788
::1 /setTile?x=184&y=249&c=0d3&id=1 1524258584790
::1 /setTile?x=249&y=315&c=0d3&id=1 1524258585785
::1 /setTile?x=249&y=183&c=0d3&id=1 1524258585786
::1 /setTile?x=315&y=249&c=0d3&id=1 1524258585787
::1 /setTile?x=183&y=249&c=0d3&id=1 1524258585790
::1 /setTile?x=249&y=316&c=0d3&id=1 1524258586785
::1 /setTile?x=249&y=182&c=0d3&id=1 1524258586786
::1 /setTile?x=316&y=249&c=0d3&id=1 1524258586787
::1 /setTile?x=182&y=249&c=0d3&id=1 1524258586790
::1 /setTile?x=249&y=317&c=0d3&id=1 1524258587783
::1 /setTile?x=249&y=181&c=0d3&id=1 1524258587784
::1 /setTile?x=317&y=249&c=0d3&id=1 1524258587788
::1 /setTile?x=181&y=249&c=0d3&id=1 1524258587789
::1 /setTile?x=249&y=318&c=0d3&id=1 1524258588787
::1 /setTile?x=249&y=180&c=0d3&id=1 1524258588789
::1 /setTile?x=318&y=249&c=0d3&id=1 1524258588790
::1 /setTile?x=180&y=249&c=0d3&id=1 1524258588791
::1 /setTile?x=249&y=319&c=0d3&id=1 1524258589786
::1 /setTile?x=249&y=179&c=0d3&id=1 1524258589788
::1 /setTile?x=319&y=249&c=0d3&id=1 1524258589793
::1 /setTile?x=179&y=249&c=0d3&id=1 1524258589794
::1 /setTile?x=249&y=320&c=0d3&id=1 1524258590787
::1 /setTile?x=249&y=178&c=0d3&id=1 1524258590788
::1 /setTile?x=320&y=249&c=0d3&id=1 1524258590791
::1 /setTile?x=178&y=249&c=0d3&id=1 1524258590792
::1 /setTile?x=249&y=321&c=0d3&id=1 1524258591785
::1 /setTile?x=249&y=177&c=0d3&id=1 1524258591786
::1 /setTile?x=321&y=249&c=0d3&id=1 1524258591788
::1 /setTile?x=177&y=249&c=0d3&id=1 1524258591790
::1 /setTile?x=249&y=322&c=0d3&id=1 1524258592785
::1 /setTile?x=249&y=176&c=0d3&id=1 1524258592786
::1 /setTile?x=322&y=249&c=0d3&id=1 1524258592787
::1 /setTile?x=176&y=249&c=0d3&id=1 1524258592792
::1 /setTile?x=249&y=323&c=0d3&id=1 1524258593786
::1 /setTile?x=249&y=175&c=0d3&id=1 1524258593788
::1 /setTile?x=323&y=249&c=0d3&id=1 1524258593791
::1 /setTile?x=175&y=249&c=0d3&id=1 1524258593792
::1 /setTile?x=249&y=324&c=0d3&id=1 1524258594786
::1 /setTile?x=249&y=174&c=0d3&id=1 1524258594787
::1 /setTile?x=324&y=249&c=0d3&id=1 1524258594791
::1 /setTile?x=174&y=249&c=0d3&id=1 1524258594792
::1 /setTile?x=249&y=325&c=0d3&id=1 1524258595784
::1 /setTile?x=249&y=173&c=0d3&id=1 1524258595785
::1 /setTile?x=325&y=249&c=0d3&id=1 1524258595789
::1 /setTile?x=173&y=249&c=0d3&id=1 1524258595791
::1 /setTile?x=249&y=326&c=0d3&id=1 1524258596785
::1 /setTile?x=249&y=172&c=0d3&id=1 1524258596788
::1 /setTile?x=326&y=249&c=0d3&id=1 1524258596791
::1 /setTile?x=172&y=249&c=0d3&id=1 1524258596793
::1 /setTile?x=249&y=327&c=0d3&id=1 1524258597783
::1 /setTile?x=249&y=171&c=0d3&id=1 1524258597786
::1 /setTile?x=327&y=249&c=0d3&id=1 1524258597789
::1 /setTile?x=171&y=249&c=0d3&id=1 1524258597790
::1 /setTile?x=249&y=328&c=0d3&id=1 1524258598785
::1 /setTile?x=249&y=170&c=0d3&id=1 1524258598789
::1 /setTile?x=328&y=249&c=0d3&id=1 1524258598790
::1 /setTile?x=170&y=249&c=0d3&id=1 1524258598793
::1 /setTile?x=249&y=329&c=0d3&id=1 1524258599787
::1 /setTile?x=249&y=169&c=0d3&id=1 1524258599788
::1 /setTile?x=329&y=249&c=0d3&id=1 1524258599792
::1 /setTile?x=169&y=249&c=0d3&id=1 1524258599795
::1 /setTile?x=249&y=330&c=0d3&id=1 1524258600787
::1 /setTile?x=249&y=168&c=0d3&id=1 1524258600788
::1 /setTile?x=330&y=249&c=0d3&id=1 1524258600792
::1 /setTile?x=168&y=249&c=0d3&id=1 1524258600794
::1 /setTile?x=249&y=331&c=0d3&id=1 1524258601788
::1 /setTile?x=249&y=167&c=0d3&id=1 1524258601789
::1 /setTile?x=331&y=249&c=0d3&id=1 1524258601794
::1 /setTile?x=167&y=249&c=0d3&id=1 1524258601795
::1 /setTile?x=249&y=332&c=0d3&id=1 1524258602785
::1 /setTile?x=249&y=166&c=0d3&id=1 1524258602786
::1 /setTile?x=332&y=249&c=0d3&id=1 1524258602789
::1 /setTile?x=166&y=249&c=0d3&id=1 1524258602791
::1 /setTile?x=249&y=333&c=0d3&id=1 1524258603787
::1 /setTile?x=249&y=165&c=0d3&id=1 1524258603788
::1 /setTile?x=333&y=249&c=0d3&id=1 1524258603792
::1 /setTile?x=165&y=249&c=0d3&id=1 1524258603793
::1 /setTile?x=249&y=334&c=0d3&id=1 1524258604783
::1 /setTile?x=249&y=164&c=0d3&id=1 1524258604785
::1 /setTile?x=334&y=249&c=0d3&id=1 1524258604789
::1 /setTile?x=164&y=249&c=0d3&id=1 1524258604792
::1 /setTile?x=249&y=335&c=0d3&id=1 1524258605784
::1 /setTile?x=249&y=163&c=0d3&id=1 1524258605785
::1 /setTile?x=335&y=249&c=0d3&id=1 1524258605790
::1 /setTile?x=163&y=249&c=0d3&id=1 1524258605791
::1 /setTile?x=249&y=336&c=0d3&id=1 1524258606783
::1 /setTile?x=249&y=162&c=0d3&id=1 1524258606784
::1 /setTile?x=336&y=249&c=0d3&id=1 1524258606789
::1 /setTile?x=162&y=249&c=0d3&id=1 1524258606790
::1 /setTile?x=249&y=337&c=0d3&id=1 1524258607785
::1 /setTile?x=249&y=161&c=0d3&id=1 1524258607789
::1 /setTile?x=337&y=249&c=0d3&id=1 1524258607791
::1 /setTile?x=161&y=249&c=0d3&id=1 1524258607792
::1 /setTile?x=249&y=338&c=0d3&id=1 1524258608787
::1 /setTile?x=249&y=160&c=0d3&id=1 1524258608788
::1 /setTile?x=338&y=249&c=0d3&id=1 1524258608790
::1 /setTile?x=160&y=249&c=0d3&id=1 1524258608793
::1 /setTile?x=249&y=339&c=0d3&id=1 1524258609786
::1 /setTile?x=249&y=159&c=0d3&id=1 1524258609788
::1 /setTile?x=339&y=249&c=0d3&id=1 1524258609792
::1 /setTile?x=159&y=249&c=0d3&id=1 1524258609794
::1 /setTile?x=249&y=340&c=0d3&id=1 1524258610788
::1 /setTile?x=249&y=158&c=0d3&id=1 1524258610789
::1 /setTile?x=340&y=249&c=0d3&id=1 1524258610793
::1 /setTile?x=158&y=249&c=0d3&id=1 1524258610795
::1 /setTile?x=249&y=341&c=0d3&id=1 1524258611787
::1 /setTile?x=249&y=157&c=0d3&id=1 1524258611788
::1 /setTile?x=341&y=249&c=0d3&id=1 1524258611790
::1 /setTile?x=157&y=249&c=0d3&id=1 1524258611791
::1 /setTile?x=249&y=342&c=0d3&id=1 1524258612787
::1 /setTile?x=249&y=156&c=0d3&id=1 1524258612790
::1 /setTile?x=342&y=249&c=0d3&id=1 1524258612792
::1 /setTile?x=156&y=249&c=0d3&id=1 1524258612794
::1 /setTile?x=249&y=343&c=0d3&id=1 1524258613784
::1 /setTile?x=249&y=155&c=0d3&id=1 1524258613786
::1 /setTile?x=343&y=249&c=0d3&id=1 1524258613791
::1 /setTile?x=155&y=249&c=0d3&id=1 1524258613792
::1 /setTile?x=249&y=344&c=0d3&id=1 1524258614783
::1 /setTile?x=249&y=154&c=0d3&id=1 1524258614785
::1 /setTile?x=344&y=249&c=0d3&id=1 1524258614788
::1 /setTile?x=154&y=249&c=0d3&id=1 1524258614790
::1 /setTile?x=249&y=345&c=0d3&id=1 1524258615785
::1 /setTile?x=249&y=153&c=0d3&id=1 1524258615787
::1 /setTile?x=345&y=249&c=0d3&id=1 1524258615788
::1 /setTile?x=153&y=249&c=0d3&id=1 1524258615791
::1 /setTile?x=249&y=346&c=0d3&id=1 1524258616784
::1 /setTile?x=249&y=152&c=0d3&id=1 1524258616786
::1 /setTile?x=346&y=249&c=0d3&id=1 1524258616789
::1 /setTile?x=152&y=249&c=0d3&id=1 1524258616791
::1 /setTile?x=249&y=347&c=0d3&id=1 1524258617784
::1 /setTile?x=249&y=151&c=0d3&id=1 1524258617785
::1 /setTile?x=347&y=249&c=0d3&id=1 1524258617787
::1 /setTile?x=151&y=249&c=0d3&id=1 1524258617790
::1 /setTile?x=249&y=348&c=0d3&id=1 1524258618784
::1 /setTile?x=249&y=150&c=0d3&id=1 1524258618788
::1 /setTile?x=348&y=249&c=0d3&id=1 1524258618789
::1 /setTile?x=150&y=249&c=0d3&id=1 1524258618791
::1 /setTile?x=249&y=349&c=0d3&id=1 1524258619785
::1 /setTile?x=249&y=149&c=0d3&id=1 1524258619786
::1 /setTile?x=349&y=249&c=0d3&id=1 1524258619789
::1 /setTile?x=149&y=249&c=0d3&id=1 1524258619791
::1 /setTile?x=249&y=350&c=0d3&id=1 1524258620787
::1 /setTile?x=249&y=148&c=0d3&id=1 1524258620789
::1 /setTile?x=350&y=249&c=0d3&id=1 1524258620790
::1 /setTile?x=148&y=249&c=0d3&id=1 1524258620794
::1 /setTile?x=249&y=351&c=0d3&id=1 1524258621786
::1 /setTile?x=249&y=147&c=0d3&id=1 1524258621788
::1 /setTile?x=351&y=249&c=0d3&id=1 1524258621790
::1 /setTile?x=147&y=249&c=0d3&id=1 1524258621793
::1 /setTile?x=249&y=352&c=0d3&id=1 1524258622786
::1 /setTile?x=249&y=146&c=0d3&id=1 1524258622787
::1 /setTile?x=352&y=249&c=0d3&id=1 1524258622790
::1 /setTile?x=146&y=249&c=0d3&id=1 1524258622792
::1 /setTile?x=249&y=353&c=0d3&id=1 1524258623785
::1 /setTile?x=249&y=145&c=0d3&id=1 1524258623787
::1 /setTile?x=353&y=249&c=0d3&id=1 1524258623791
::1 /setTile?x=145&y=249&c=0d3&id=1 1524258623792
::1 /setTile?x=249&y=354&c=0d3&id=1 1524258624784
::1 /setTile?x=249&y=144&c=0d3&id=1 1524258624786
::1 /setTile?x=354&y=249&c=0d3&id=1 1524258624787
::1 /setTile?x=144&y=249&c=0d3&id=1 1524258624789
::1 /setTile?x=249&y=355&c=0d3&id=1 1524258625784
::1 /setTile?x=249&y=143&c=0d3&id=1 1524258625785
::1 /setTile?x=355&y=249&c=0d3&id=1 1524258625786
::1 /setTile?x=143&y=249&c=0d3&id=1 1524258625789
::1 /setTile?x=249&y=356&c=0d3&id=1 1524258626786
::1 /setTile?x=249&y=142&c=0d3&id=1 1524258626787
::1 /setTile?x=356&y=249&c=0d3&id=1 1524258626788
::1 /setTile?x=142&y=249&c=0d3&id=1 1524258626792
::1 /setTile?x=249&y=357&c=0d3&id=1 1524258627785
::1 /setTile?x=249&y=141&c=0d3&id=1 1524258627786
::1 /setTile?x=357&y=249&c=0d3&id=1 1524258627791
::1 /setTile?x=141&y=249&c=0d3&id=1 1524258627792
::1 /setTile?x=249&y=358&c=0d3&id=1 1524258628785
::1 /setTile?x=249&y=140&c=0d3&id=1 1524258628788
::1 /setTile?x=358&y=249&c=0d3&id=1 1524258628790
::1 /setTile?x=140&y=249&c=0d3&id=1 1524258628792
::1 /setTile?x=249&y=359&c=0d3&id=1 1524258629790
::1 /setTile?x=249&y=139&c=0d3&id=1 1524258629791
::1 /setTile?x=359&y=249&c=0d3&id=1 1524258629792
::1 /setTile?x=139&y=249&c=0d3&id=1 1524258629794
::1 /setTile?x=249&y=360&c=0d3&id=1 1524258630788
::1 /setTile?x=249&y=138&c=0d3&id=1 1524258630791
::1 /setTile?x=360&y=249&c=0d3&id=1 1524258630792
::1 /setTile?x=138&y=249&c=0d3&id=1 1524258630793
::1 /setTile?x=249&y=361&c=0d3&id=1 1524258631787
::1 /setTile?x=249&y=137&c=0d3&id=1 1524258631788
::1 /setTile?x=361&y=249&c=0d3&id=1 1524258631791
::1 /setTile?x=137&y=249&c=0d3&id=1 1524258631792
::1 /setTile?x=249&y=362&c=0d3&id=1 1524258632784
::1 /setTile?x=249&y=136&c=0d3&id=1 1524258632786
::1 /setTile?x=362&y=249&c=0d3&id=1 1524258632789
::1 /setTile?x=136&y=249&c=0d3&id=1 1524258632792
::1 /setTile?x=249&y=363&c=0d3&id=1 1524258633787
::1 /setTile?x=249&y=135&c=0d3&id=1 1524258633788
::1 /setTile?x=363&y=249&c=0d3&id=1 1524258633789
::1 /setTile?x=135&y=249&c=0d3&id=1 1524258633793
::1 /setTile?x=249&y=364&c=0d3&id=1 1524258634787
::1 /setTile?x=249&y=134&c=0d3&id=1 1524258634790
::1 /setTile?x=364&y=249&c=0d3&id=1 1524258634793
::1 /setTile?x=134&y=249&c=0d3&id=1 1524258634794
::1 /setTile?x=249&y=365&c=0d3&id=1 1524258635787
::1 /setTile?x=249&y=133&c=0d3&id=1 1524258635790
::1 /setTile?x=365&y=249&c=0d3&id=1 1524258635791
::1 /setTile?x=133&y=249&c=0d3&id=1 1524258635794
::1 /setTile?x=249&y=366&c=0d3&id=1 1524258636786
::1 /setTile?x=249&y=132&c=0d3&id=1 1524258636788
::1 /setTile?x=366&y=249&c=0d3&id=1 1524258636789
::1 /setTile?x=249&y=367&c=0d3&id=1 1524258637789
::1 /setTile?x=249&y=131&c=0d3&id=1 1524258637791
::1 /setTile?x=367&y=249&c=0d3&id=1 1524258637792
::1 /setTile?x=131&y=249&c=0d3&id=1 1524258637795
::1 /setTile?x=249&y=368&c=0d3&id=1 1524258638789
::1 /setTile?x=249&y=130&c=0d3&id=1 1524258638790
::1 /setTile?x=368&y=249&c=0d3&id=1 1524258638794
::1 /setTile?x=130&y=249&c=0d3&id=1 1524258638796
::1 /setTile?x=249&y=369&c=0d3&id=1 1524258639789
::1 /setTile?x=249&y=129&c=0d3&id=1 1524258639792
::1 /setTile?x=369&y=249&c=0d3&id=1 1524258639793
::1 /setTile?x=129&y=249&c=0d3&id=1 1524258639795
::1 /setTile?x=249&y=370&c=0d3&id=1 1524258640792
::1 /setTile?x=249&y=128&c=0d3&id=1 1524258640796
::1 /setTile?x=370&y=249&c=0d3&id=1 1524258640797
::1 /setTile?x=128&y=249&c=0d3&id=1 1524258640799
::1 /setTile?x=249&y=371&c=0d3&id=1 1524258641794
::1 /setTile?x=249&y=127&c=0d3&id=1 1524258641797
::1 /setTile?x=371&y=249&c=0d3&id=1 1524258641800
::1 /setTile?x=127&y=249&c=0d3&id=1 1524258641801
::1 /setTile?x=249&y=372&c=0d3&id=1 1524258642790
::1 /setTile?x=249&y=126&c=0d3&id=1 1524258642793
::1 /setTile?x=372&y=249&c=0d3&id=1 1524258642796
::1 /setTile?x=249&y=373&c=0d3&id=1 1524258643797
::1 /setTile?x=249&y=125&c=0d3&id=1 1524258643798
::1 /setTile?x=373&y=249&c=0d3&id=1 1524258643799
::1 /setTile?x=125&y=249&c=0d3&id=1 1524258643801
::1 /setTile?x=249&y=374&c=0d3&id=1 1524258644792
::1 /setTile?x=249&y=124&c=0d3&id=1 1524258644795
::1 /setTile?x=374&y=249&c=0d3&id=1 1524258644798
::1 /setTile?x=124&y=249&c=0d3&id=1 1524258644799
::1 /setTile?x=249&y=375&c=0d3&id=1 1524258645790
::1 /setTile?x=249&y=123&c=0d3&id=1 1524258645792
::1 /setTile?x=375&y=249&c=0d3&id=1 1524258645793
::1 /setTile?x=123&y=249&c=0d3&id=1 1524258645797
::1 /setTile?x=249&y=376&c=0d3&id=1 1524258646790
::1 /setTile?x=249&y=122&c=0d3&id=1 1524258646791
::1 /setTile?x=376&y=249&c=0d3&id=1 1524258646792
::1 /setTile?x=122&y=249&c=0d3&id=1 1524258646796
::1 /setTile?x=249&y=377&c=0d3&id=1 1524258647791
::1 /setTile?x=249&y=121&c=0d3&id=1 1524258647792
::1 /setTile?x=377&y=249&c=0d3&id=1 1524258647795
::1 /setTile?x=121&y=249&c=0d3&id=1 1524258647798
::1 /setTile?x=249&y=378&c=0d3&id=1 1524258648797
::1 /setTile?x=249&y=120&c=0d3&id=1 1524258648800
::1 /setTile?x=378&y=249&c=0d3&id=1 1524258648803
::1 /setTile?x=120&y=249&c=0d3&id=1 1524258648805
::1 /setTile?x=249&y=379&c=0d3&id=1 1524258649792
::1 /setTile?x=249&y=119&c=0d3&id=1 1524258649793
::1 /setTile?x=379&y=249&c=0d3&id=1 1524258649796
::1 /setTile?x=119&y=249&c=0d3&id=1 1524258649798
::1 /setTile?x=249&y=380&c=0d3&id=1 1524258650795
::1 /setTile?x=249&y=118&c=0d3&id=1 1524258650796
::1 /setTile?x=380&y=249&c=0d3&id=1 1524258650801
::1 /setTile?x=118&y=249&c=0d3&id=1 1524258650803
::1 /setTile?x=249&y=381&c=0d3&id=1 1524258651799
::1 /setTile?x=249&y=117&c=0d3&id=1 1524258651800
::1 /setTile?x=381&y=249&c=0d3&id=1 1524258651801
::1 /setTile?x=117&y=249&c=0d3&id=1 1524258651805
::1 /setTile?x=249&y=382&c=0d3&id=1 1524258652797
::1 /setTile?x=249&y=116&c=0d3&id=1 1524258652797
::1 /setTile?x=382&y=249&c=0d3&id=1 1524258652802
::1 /setTile?x=116&y=249&c=0d3&id=1 1524258652803
::1 /setTile?x=249&y=383&c=0d3&id=1 1524258653795
::1 /setTile?x=249&y=115&c=0d3&id=1 1524258653798
::1 /setTile?x=383&y=249&c=0d3&id=1 1524258653800
::1 /setTile?x=115&y=249&c=0d3&id=1 1524258653801
::1 /setTile?x=249&y=384&c=0d3&id=1 1524258654791
::1 /setTile?x=249&y=114&c=0d3&id=1 1524258654792
::1 /setTile?x=384&y=249&c=0d3&id=1 1524258654794
::1 /setTile?x=114&y=249&c=0d3&id=1 1524258654797
::1 /setTile?x=249&y=385&c=0d3&id=1 1524258655793
::1 /setTile?x=249&y=113&c=0d3&id=1 1524258655795
::1 /setTile?x=385&y=249&c=0d3&id=1 1524258655796
::1 /setTile?x=113&y=249&c=0d3&id=1 1524258655799
::1 /setTile?x=249&y=386&c=0d3&id=1 1524258656794
::1 /setTile?x=249&y=112&c=0d3&id=1 1524258656795
::1 /setTile?x=386&y=249&c=0d3&id=1 1524258656796
::1 /setTile?x=112&y=249&c=0d3&id=1 1524258656798
::1 /setTile?x=249&y=387&c=0d3&id=1 1524258657792
::1 /setTile?x=249&y=111&c=0d3&id=1 1524258657793
::1 /setTile?x=387&y=249&c=0d3&id=1 1524258657797
::1 /setTile?x=111&y=249&c=0d3&id=1 1524258657798
::1 /setTile?x=249&y=388&c=0d3&id=1 1524258658793
::1 /setTile?x=249&y=110&c=0d3&id=1 1524258658796
::1 /setTile?x=388&y=249&c=0d3&id=1 1524258658798
::1 /setTile?x=110&y=249&c=0d3&id=1 1524258658799
::1 /setTile?x=249&y=389&c=0d3&id=1 1524258659797
::1 /setTile?x=249&y=109&c=0d3&id=1 1524258659798
::1 /setTile?x=389&y=249&c=0d3&id=1 1524258659800
::1 /setTile?x=109&y=249&c=0d3&id=1 1524258659800
::1 /setTile?x=249&y=390&c=0d3&id=1 1524258660797
::1 /setTile?x=249&y=108&c=0d3&id=1 1524258660799
::1 /setTile?x=390&y=249&c=0d3&id=1 1524258660804
::1 /setTile?x=108&y=249&c=0d3&id=1 1524258660805
::1 /setTile?x=249&y=391&c=0d3&id=1 1524258661799
::1 /setTile?x=249&y=107&c=0d3&id=1 1524258661800
::1 /setTile?x=391&y=249&c=0d3&id=1 1524258661802
::1 /setTile?x=107&y=249&c=0d3&id=1 1524258661805
::1 /setTile?x=249&y=392&c=0d3&id=1 1524258662793
::1 /setTile?x=249&y=106&c=0d3&id=1 1524258662794
::1 /setTile?x=392&y=249&c=0d3&id=1 1524258662798
::1 /setTile?x=106&y=249&c=0d3&id=1 1524258662800
::1 /setTile?x=249&y=393&c=0d3&id=1 1524258663800
::1 /setTile?x=249&y=105&c=0d3&id=1 1524258663801
::1 /setTile?x=393&y=249&c=0d3&id=1 1524258663804
::1 /setTile?x=105&y=249&c=0d3&id=1 1524258663805
::1 /setTile?x=249&y=394&c=0d3&id=1 1524258664793
::1 /setTile?x=249&y=104&c=0d3&id=1 1524258664795
::1 /setTile?x=394&y=249&c=0d3&id=1 1524258664796
::1 /setTile?x=104&y=249&c=0d3&id=1 1524258664800
::1 /setTile?x=249&y=395&c=0d3&id=1 1524258665794
::1 /setTile?x=249&y=103&c=0d3&id=1 1524258665796
::1 /setTile?x=395&y=249&c=0d3&id=1 1524258665800
::1 /setTile?x=103&y=249&c=0d3&id=1 1524258665802
::1 /setTile?x=249&y=396&c=0d3&id=1 1524258666797
::1 /setTile?x=249&y=102&c=0d3&id=1 1524258666798
::1 /setTile?x=396&y=249&c=0d3&id=1 1524258666800
::1 /setTile?x=102&y=249&c=0d3&id=1 1524258666803
::1 /setTile?x=249&y=397&c=0d3&id=1 1524258667794
::1 /setTile?x=249&y=101&c=0d3&id=1 1524258667795
::1 /setTile?x=397&y=249&c=0d3&id=1 1524258667799
::1 /setTile?x=101&y=249&c=0d3&id=1 1524258667800
::1 /setTile?x=249&y=398&c=0d3&id=1 1524258668796
::1 /setTile?x=249&y=100&c=0d3&id=1 1524258668798
::1 /setTile?x=398&y=249&c=0d3&id=1 1524258668800
::1 /setTile?x=100&y=249&c=0d3&id=1 1524258668802
::1 /setTile?x=249&y=399&c=0d3&id=1 1524258669797
::1 /setTile?x=249&y=99&c=0d3&id=1 1524258669799
::1 /setTile?x=399&y=249&c=0d3&id=1 1524258669803
::1 /setTile?x=99&y=249&c=0d3&id=1 1524258669804
::1 /setTile?x=249&y=400&c=0d3&id=1 1524258670799
::1 /setTile?x=249&y=98&c=0d3&id=1 1524258670800
::1 /setTile?x=400&y=249&c=0d3&id=1 1524258670802
::1 /setTile?x=98&y=249&c=0d3&id=1 1524258670805
::1 /setTile?x=249&y=401&c=0d3&id=1 1524258671800
::1 /setTile?x=249&y=97&c=0d3&id=1 1524258671804
::1 /setTile?x=401&y=249&c=0d3&id=1 1524258671805
::1 /setTile?x=97&y=249&c=0d3&id=1 1524258671806
::1 /setTile?x=249&y=402&c=0d3&id=1 1524258672796
::1 /setTile?x=249&y=96&c=0d3&id=1 1524258672798
::1 /setTile?x=402&y=249&c=0d3&id=1 1524258672801
::1 /setTile?x=96&y=249&c=0d3&id=1 1524258672802
::1 /setTile?x=249&y=403&c=0d3&id=1 1524258673798
::1 /setTile?x=249&y=95&c=0d3&id=1 1524258673804
::1 /setTile?x=403&y=249&c=0d3&id=1 1524258673805
::1 /setTile?x=95&y=249&c=0d3&id=1 1524258673806
::1 /setTile?x=249&y=404&c=0d3&id=1 1524258674795
::1 /setTile?x=249&y=94&c=0d3&id=1 1524258674797
::1 /setTile?x=404&y=249&c=0d3&id=1 1524258674798
::1 /setTile?x=94&y=249&c=0d3&id=1 1524258674802
::1 /setTile?x=249&y=405&c=0d3&id=1 1524258675795
::1 /setTile?x=249&y=93&c=0d3&id=1 1524258675797
::1 /setTile?x=405&y=249&c=0d3&id=1 1524258675801
::1 /setTile?x=93&y=249&c=0d3&id=1 1524258675802
::1 /setTile?x=249&y=406&c=0d3&id=1 1524258676797
::1 /setTile?x=249&y=92&c=0d3&id=1 1524258676798
::1 /setTile?x=406&y=249&c=0d3&id=1 1524258676800
::1 /setTile?x=92&y=249&c=0d3&id=1 1524258676804
::1 /setTile?x=249&y=407&c=0d3&id=1 1524258677794
::1 /setTile?x=249&y=91&c=0d3&id=1 1524258677798
::1 /setTile?x=407&y=249&c=0d3&id=1 1524258677799
::1 /setTile?x=91&y=249&c=0d3&id=1 1524258677800
::1 /setTile?x=249&y=408&c=0d3&id=1 1524258678797
::1 /setTile?x=249&y=90&c=0d3&id=1 1524258678801
::1 /setTile?x=408&y=249&c=0d3&id=1 1524258678804
::1 /setTile?x=90&y=249&c=0d3&id=1 1524258678809
::1 /setTile?x=249&y=409&c=0d3&id=1 1524258679797
::1 /setTile?x=249&y=89&c=0d3&id=1 1524258679800
::1 /setTile?x=409&y=249&c=0d3&id=1 1524258679802
::1 /setTile?x=89&y=249&c=0d3&id=1 1524258679803
::1 /setTile?x=249&y=410&c=0d3&id=1 1524258680799
::1 /setTile?x=249&y=88&c=0d3&id=1 1524258680801
::1 /setTile?x=410&y=249&c=0d3&id=1 1524258680805
::1 /setTile?x=88&y=249&c=0d3&id=1 1524258680806
::1 /setTile?x=249&y=411&c=0d3&id=1 1524258681801
::1 /setTile?x=249&y=87&c=0d3&id=1 1524258681802
::1 /setTile?x=411&y=249&c=0d3&id=1 1524258681804
::1 /setTile?x=87&y=249&c=0d3&id=1 1524258681808
::1 /setTile?x=249&y=412&c=0d3&id=1 1524258682801
::1 /setTile?x=249&y=86&c=0d3&id=1 1524258682802
::1 /setTile?x=412&y=249&c=0d3&id=1 1524258682803
::1 /setTile?x=86&y=249&c=0d3&id=1 1524258682807
::1 /setTile?x=249&y=413&c=0d3&id=1 1524258683798
::1 /setTile?x=249&y=85&c=0d3&id=1 1524258683800
::1 /setTile?x=413&y=249&c=0d3&id=1 1524258683805
::1 /setTile?x=85&y=249&c=0d3&id=1 1524258683807
::1 /setTile?x=249&y=414&c=0d3&id=1 1524258684797
::1 /setTile?x=249&y=84&c=0d3&id=1 1524258684798
::1 /setTile?x=414&y=249&c=0d3&id=1 1524258684799
::1 /setTile?x=84&y=249&c=0d3&id=1 1524258684801
::1 /setTile?x=249&y=415&c=0d3&id=1 1524258685796
::1 /setTile?x=249&y=83&c=0d3&id=1 1524258685797
::1 /setTile?x=415&y=249&c=0d3&id=1 1524258685799
::1 /setTile?x=83&y=249&c=0d3&id=1 1524258685800
::1 /setTile?x=249&y=416&c=0d3&id=1 1524258686796
::1 /setTile?x=249&y=82&c=0d3&id=1 1524258686797
::1 /setTile?x=416&y=249&c=0d3&id=1 1524258686798
::1 /setTile?x=82&y=249&c=0d3&id=1 1524258686801
::1 /setTile?x=249&y=417&c=0d3&id=1 1524258687796
::1 /setTile?x=249&y=81&c=0d3&id=1 1524258687799
::1 /setTile?x=417&y=249&c=0d3&id=1 1524258687801
::1 /setTile?x=81&y=249&c=0d3&id=1 1524258687803
::1 /setTile?x=249&y=418&c=0d3&id=1 1524258688796
::1 /setTile?x=249&y=80&c=0d3&id=1 1524258688798
::1 /setTile?x=418&y=249&c=0d3&id=1 1524258688800
::1 /setTile?x=80&y=249&c=0d3&id=1 1524258688804
::1 /setTile?x=249&y=419&c=0d3&id=1 1524258689798
::1 /setTile?x=249&y=79&c=0d3&id=1 1524258689799
::1 /setTile?x=419&y=249&c=0d3&id=1 1524258689801
::1 /setTile?x=79&y=249&c=0d3&id=1 1524258689804
::1 /setTile?x=249&y=420&c=0d3&id=1 1524258690800
::1 /setTile?x=249&y=78&c=0d3&id=1 1524258690801
::1 /setTile?x=420&y=249&c=0d3&id=1 1524258690805
::1 /setTile?x=78&y=249&c=0d3&id=1 1524258690807
::1 /setTile?x=249&y=421&c=0d3&id=1 1524258691801
::1 /setTile?x=249&y=77&c=0d3&id=1 1524258691802
::1 /setTile?x=421&y=249&c=0d3&id=1 1524258691803
::1 /setTile?x=77&y=249&c=0d3&id=1 1524258691807
::1 /setTile?x=249&y=422&c=0d3&id=1 1524258692796
::1 /setTile?x=249&y=76&c=0d3&id=1 1524258692797
::1 /setTile?x=422&y=249&c=0d3&id=1 1524258692800
::1 /setTile?x=76&y=249&c=0d3&id=1 1524258692802
::1 /setTile?x=249&y=423&c=0d3&id=1 1524258693801
::1 /setTile?x=249&y=75&c=0d3&id=1 1524258693802
::1 /setTile?x=423&y=249&c=0d3&id=1 1524258693803
::1 /setTile?x=75&y=249&c=0d3&id=1 1524258693806
::1 /setTile?x=249&y=424&c=0d3&id=1 1524258696172
::1 /setTile?x=249&y=74&c=0d3&id=1 1524258696176
::1 /setTile?x=424&y=249&c=0d3&id=1 1524258696177
::1 /setTile?x=74&y=249&c=0d3&id=1 1524258696178
::1 /setTile?x=249&y=425&c=0d3&id=1 1524258696799
::1 /setTile?x=249&y=426&c=0d3&id=1 1524258697797
::1 /setTile?x=249&y=72&c=0d3&id=1 1524258697798
::1 /setTile?x=426&y=249&c=0d3&id=1 1524258697802
::1 /setTile?x=72&y=249&c=0d3&id=1 1524258697803
::1 /setTile?x=249&y=427&c=0d3&id=1 1524258698799
::1 /setTile?x=249&y=71&c=0d3&id=1 1524258698800
::1 /setTile?x=427&y=249&c=0d3&id=1 1524258698801
::1 /setTile?x=71&y=249&c=0d3&id=1 1524258698803
::1 /setTile?x=249&y=428&c=0d3&id=1 1524258701613
::1 /setTile?x=249&y=70&c=0d3&id=1 1524258701614
::1 /setTile?x=428&y=249&c=0d3&id=1 1524258701619
::1 /setTile?x=70&y=249&c=0d3&id=1 1524258701620
::1 /setTile?x=249&y=429&c=0d3&id=1 1524258701840
::1 /setTile?x=249&y=430&c=0d3&id=1 1524258702797
::1 /setTile?x=249&y=68&c=0d3&id=1 1524258702798
::1 /setTile?x=430&y=249&c=0d3&id=1 1524258702799
::1 /setTile?x=68&y=249&c=0d3&id=1 1524258702803
::1 /setTile?x=249&y=431&c=0d3&id=1 1524258703795
::1 /setTile?x=249&y=67&c=0d3&id=1 1524258703796
::1 /setTile?x=431&y=249&c=0d3&id=1 1524258703798
::1 /setTile?x=67&y=249&c=0d3&id=1 1524258703801
::1 /setTile?x=249&y=432&c=0d3&id=1 1524258704797
::1 /setTile?x=249&y=66&c=0d3&id=1 1524258704798
::1 /setTile?x=432&y=249&c=0d3&id=1 1524258704802
::1 /setTile?x=66&y=249&c=0d3&id=1 1524258704803
::1 /setTile?x=249&y=433&c=0d3&id=1 1524258705800
::1 /setTile?x=249&y=65&c=0d3&id=1 1524258705802
::1 /setTile?x=433&y=249&c=0d3&id=1 1524258705805
::1 /setTile?x=65&y=249&c=0d3&id=1 1524258705805
::1 /setTile?x=249&y=434&c=0d3&id=1 1524258706801
::1 /setTile?x=249&y=64&c=0d3&id=1 1524258706803
::1 /setTile?x=434&y=249&c=0d3&id=1 1524258706807
::1 /setTile?x=64&y=249&c=0d3&id=1 1524258706808
::1 /setTile?x=249&y=435&c=0d3&id=1 1524258707796
::1 /setTile?x=249&y=63&c=0d3&id=1 1524258707797
::1 /setTile?x=435&y=249&c=0d3&id=1 1524258707801
::1 /setTile?x=63&y=249&c=0d3&id=1 1524258707802
::1 /setTile?x=249&y=436&c=0d3&id=1 1524258708796
::1 /setTile?x=249&y=62&c=0d3&id=1 1524258708798
::1 /setTile?x=436&y=249&c=0d3&id=1 1524258708801
::1 /setTile?x=62&y=249&c=0d3&id=1 1524258708802
::1 /setTile?x=249&y=437&c=0d3&id=1 1524258709798
::1 /setTile?x=249&y=61&c=0d3&id=1 1524258709799
::1 /setTile?x=437&y=249&c=0d3&id=1 1524258709800
::1 /setTile?x=61&y=249&c=0d3&id=1 1524258709804
::1 /setTile?x=249&y=438&c=0d3&id=1 1524258710799
::1 /setTile?x=249&y=60&c=0d3&id=1 1524258710800
::1 /setTile?x=438&y=249&c=0d3&id=1 1524258710801
::1 /setTile?x=60&y=249&c=0d3&id=1 1524258710805
::1 /setTile?x=249&y=439&c=0d3&id=1 1524258711799
::1 /setTile?x=249&y=59&c=0d3&id=1 1524258711801
::1 /setTile?x=439&y=249&c=0d3&id=1 1524258711802
::1 /setTile?x=59&y=249&c=0d3&id=1 1524258711806
::1 /setTile?x=249&y=440&c=0d3&id=1 1524258712802
::1 /setTile?x=249&y=58&c=0d3&id=1 1524258712803
::1 /setTile?x=440&y=249&c=0d3&id=1 1524258712804
::1 /setTile?x=58&y=249&c=0d3&id=1 1524258712808
::1 /setTile?x=249&y=441&c=0d3&id=1 1524258713800
::1 /setTile?x=249&y=57&c=0d3&id=1 1524258713802
::1 /setTile?x=441&y=249&c=0d3&id=1 1524258713803
::1 /setTile?x=57&y=249&c=0d3&id=1 1524258713806
::1 /setTile?x=249&y=442&c=0d3&id=1 1524258714797
::1 /setTile?x=249&y=56&c=0d3&id=1 1524258714799
::1 /setTile?x=442&y=249&c=0d3&id=1 1524258714801
::1 /setTile?x=56&y=249&c=0d3&id=1 1524258714803
::1 /setTile?x=249&y=443&c=0d3&id=1 1524258715796
::1 /setTile?x=249&y=55&c=0d3&id=1 1524258715798
::1 /setTile?x=443&y=249&c=0d3&id=1 1524258715799
::1 /setTile?x=55&y=249&c=0d3&id=1 1524258715801
::1 /setTile?x=249&y=444&c=0d3&id=1 1524258716797
::1 /setTile?x=249&y=54&c=0d3&id=1 1524258716798
::1 /setTile?x=444&y=249&c=0d3&id=1 1524258716800
::1 /setTile?x=54&y=249&c=0d3&id=1 1524258716806
::1 /setTile?x=249&y=445&c=0d3&id=1 1524258717802
::1 /setTile?x=249&y=53&c=0d3&id=1 1524258717803
::1 /setTile?x=445&y=249&c=0d3&id=1 1524258717805
::1 /setTile?x=53&y=249&c=0d3&id=1 1524258717808
::1 /setTile?x=249&y=446&c=0d3&id=1 1524258718796
::1 /setTile?x=249&y=52&c=0d3&id=1 1524258718797
::1 /setTile?x=446&y=249&c=0d3&id=1 1524258718799
::1 /setTile?x=52&y=249&c=0d3&id=1 1524258718801
::1 /setTile?x=249&y=447&c=0d3&id=1 1524258719799
::1 /setTile?x=249&y=51&c=0d3&id=1 1524258719800
::1 /setTile?x=447&y=249&c=0d3&id=1 1524258719802
::1 /setTile?x=51&y=249&c=0d3&id=1 1524258719804
::1 /setTile?x=249&y=448&c=0d3&id=1 1524258720799
::1 /setTile?x=249&y=50&c=0d3&id=1 1524258720801
::1 /setTile?x=448&y=249&c=0d3&id=1 1524258720804
::1 /setTile?x=50&y=249&c=0d3&id=1 1524258720805
::1 /setTile?x=249&y=449&c=0d3&id=1 1524258721800
::1 /setTile?x=249&y=49&c=0d3&id=1 1524258721802
::1 /setTile?x=449&y=249&c=0d3&id=1 1524258721805
::1 /setTile?x=49&y=249&c=0d3&id=1 1524258721890
::1 /setTile?x=249&y=450&c=0d3&id=1 1524258722800
::1 /setTile?x=249&y=48&c=0d3&id=1 1524258722802
::1 /setTile?x=450&y=249&c=0d3&id=1 1524258722803
::1 /setTile?x=48&y=249&c=0d3&id=1 1524258722807
::1 /setTile?x=249&y=451&c=0d3&id=1 1524258723798
::1 /setTile?x=249&y=47&c=0d3&id=1 1524258723802
::1 /setTile?x=451&y=249&c=0d3&id=1 1524258723803
::1 /setTile?x=47&y=249&c=0d3&id=1 1524258723805
::1 /setTile?x=249&y=452&c=0d3&id=1 1524258724796
::1 /setTile?x=249&y=46&c=0d3&id=1 1524258724797
::1 /setTile?x=452&y=249&c=0d3&id=1 1524258724798
::1 /setTile?x=46&y=249&c=0d3&id=1 1524258724802
::1 /setTile?x=249&y=453&c=0d3&id=1 1524258725798
::1 /setTile?x=249&y=45&c=0d3&id=1 1524258725799
::1 /setTile?x=453&y=249&c=0d3&id=1 1524258725800
::1 /setTile?x=45&y=249&c=0d3&id=1 1524258725803
::1 /getScores?&id=0 1524278248615
::1 /getGroup?&id=1 1524278289423
::1 /getGroup?&id=1 1524278301105
::1 /getGroup?&id=1 1524278327275
::1 /getGroup?&id=1 1524278327882
::1 /getGroup?&id=1 1524278398979
::1 /getGroup?&id=1 1524278459972
::1 /getGroup?&id=1 1524278515983
::1 /getGroup?&id=1 1524278565603
::1 /getGroup?&id=20 1524278571535
::1 /getGroup?&id=20 1524278576917
::1 /getGroup?&id=22 1524278578741
::1 /getGroup?&id=23 1524278581409
::1 /getGroup?&id=24 1524278583556
::1 /getGroup?&id=24 1524278612597
::1 /getGroup?&id=0 1524278617570
::1 /getGroup?&id=1 1524278621649
::1 /getTile?&id=1&c=fff&x=3&y=3 1524278654284
::1 /setTile?&id=1&c=fff&x=3&y=3 1524278658787
::1 /setTile?&x=3&y=3&id=1&c=fff 1524278708195
::1 /setTile?&x=3&y=3&c=fff&id=1 1524278749137
::1 /setTile?&x=3&y=3&c=3dd&id=1 1524278771054
::1 /setTile?&x=3&y=3&c=3ddddd&id=1 1524278775829
::1 /setTile?x=3&y=3&c=3ddddd&id=1 1524278846149
::1 /setTile?x=3&y=3&c=333&id=1 1524278861066
::1 /setTile?x=3&y=3&c=333&id=1 1524278874448
::1 /setTile?x=3&y=3&c=333&id=2 1524278895253
::1 /setTile?x=3&y=3&c=333&id=1 1524278921405
::1 /setTile?x=1&y=1&c=111&id=1 1524278936953
::1 /getScores?id=0 1524278993729
::1 /getScores?id=0 1524280999146
::1 /getScores?id=0 1524281084207
::1 /getScores?id=0 1524281100216
::1 /getScores?id=0 1524281117509
::1 /getScores?id=0 1524281128482
::1 /getScores?id=0 1524281144210
::1 /getScores?id=0 1524281182017
::1 /getScores?id=0 1524281190529
::1 /getScores?id=0 1524281233252
::1 /getScores?id=0 1524281234094
::1 /getScores?id=0 1524281274480
::1 /getScores?id=0 1524281277536
::1 /getScores?id=0 1524281289126
::1 /getScores?id=0 1524281494464
::1 /getScores?id=0 1524281507507
::1 /getScores?id=0 1524281510815
::1 /getScores?id=0 1524281536743
::1 /getScores?id=0 1524281577694
::1 /getScores?id=0 1524281588053
::1 /getScores?id=0 1524281600375
::1 /getScores?id=0 1524281653834
::1 /getScores?id=0 1524281660877
::1 /getScores?id=0 1524281662469
::1 /getScores?id=0 1524281670962
::1 /getScores?id=0 1524281677810
::1 /getScores?id=0 1524281678425
::1 /getScores?id=0 1524281688084
::1 /getScores?id=0 1524281693549
::1 /getScores?id=0 1524281711247
::1 /getScores?id=0 1524283166535
::1 /getScores?id=0 1524283183127
::1 /getScores?id=0 1524283236848
::1 /getScores?id=0 1524283238360
::1 /getScores?id=0 1524283244528
::1 /getScores?id=0 1524283363550
::1 /getScores?id=0 1524283376103
::1 /getScores?id=0 1524283380804
::1 /getScores?id=0 1524283390568
::1 /getScores?id=0 1524283403932
::1 /getScores?id=0 1524283417503
::1 /getScores?id=0 1524283479363
::1 /getScores?id=0 1524283479436
::1 /getScores?id=0 1524283507288
::1 /getScores?id=0 1524283526545
::1 /getScores?id=0 1524283547547
::1 /getScores?id=0 1524283549624
::1 /getScores?id=0 1524283588017
::1 /getScores?id=0 1524283595046
::1 /getScores?id=0 1524283668954
::1 /getScores?id=0 1524283702915
::1 /getScores?id=0 1524283867379
::1 /getScores?id=0 1524283883741
::1 /getScores?id=0 1524283886340
::1 /getScores?id=0 1524283944459
::1 /getScores?id=0 1524284040752
::1 /getScores?id=0 1524284048457
::1 /getScores?id=0 1524284090284
::1 /getScores?id=0 1524284096116
::1 /getScores?id=0 1524284115291
::1 /getScores?id=0 1524284130418
::1 /getScores?id=0 1524284330994
::1 /getScores?id=0 1524284339125
::1 /getScores?id=0 1524284390794
::1 /getScores?id=0 1524284394172
::1 /getScores?id=0 1524284451164
::1 /getScores?id=0 1524284513548
::1 /getScores?id=0 1524284528643
::1 /getScores?id=0 1524284538733
::1 /getScores?id=0 1524284544813
::1 /getScores?id=0 1524284569209
::1 /getScores?id=0 1524284578896
::1 /getScores?id=0 1524284589285
::1 /getScores?id=0 1524284637323
::1 /getScores?id=0 1524284637772
::1 /getScores?id=0 1524284650764
::1 /getScores?id=0 1524284671688
::1 /getScores?id=0 1524284703887
::1 /getScores?id=0 1524284718609
::1 /getScores?id=0 1524284721827
::1 /getScores?id=0 1524284722759
::1 /getScores?id=0 1524284750933
::1 /getScores?id=0 1524284784049
::1 /getScores?id=0 1524284887026
::1 /getScores?id=0 1524284887036
::1 /getScores?id=0 1524284887037
::1 /getScores?id=0 1524284887038
::1 /getScores?id=0 1524284901793
::1 /getScores?id=0 1524284912872
::1 /getScores?id=0 1524284912884
::1 /getScores?id=0 1524284915898
::1 /getScores?id=0 1524284976713
::1 /getScores?id=0 1524284979211
::1 /getScores?id=0 1524284998861
::1 /getScores?id=0 1524285010071
::1 /getScores?id=0 1524285079701
::1 /getScores?id=0 1524285090110
::1 /getScores?id=0 1524285211051
::1 /getScores?id=0 1524285215055
::1 /getScores?id=0 1524285423843
::1 /getScores?id=0 1524285432224
::1 /getScores?id=0 1524285437590
::1 /getScores?id=0 1524285439888
::1 /getScores?id=0 1524285557628
::1 /getScores?id=0 1524285558643
::1 /getScores?id=0 1524285560236
::1 /getScores?id=0 1524285598141
::1 /getScores?id=0 1524285609672
::1 /getScores?id=0 1524285632521
::1 /getScores?id=0 1524287803060
::1 /getScores?id=0 1524287809968
::1 /getScores?id=0 1524287825737
::1 /getScores?id=0 1524287838470
::1 /getScores?id=0 1524287856209
::1 /getScores?id=0 1524287858323
::1 /getScores?id=0 1524287866965
::1 /getScores?id=0 1524287958368
::1 /getScores?id=0 1524287966181
::1 /getScores?id=0 1524287982190
::1 /getScores?id=0 1524288011363
::1 /getScores?id=0 1524288012697
::1 /getScores?id=0 1524288030523
::1 /getScores?id=0 1524288030554
::1 /getScores?id=0 1524288030581
::1 /getScores?id=0 1524288031088
::1 /getScores?id=0 1524288031232
::1 /getScores?id=0 1524288031333
::1 /getScores?id=0 1524288031374
::1 /getScores?id=0 1524288031391
::1 /getScores?id=0 1524288031406
::1 /getScores?id=0 1524288031423
::1 /getScores?id=0 1524288145863
::1 /getScores?id=0 1524288145951
::1 /getScores?id=0 1524288146130
::1 /getScores?id=0 1524288146157
::1 /getScores?id=0 1524288146170
::1 /getScores?id=0 1524288147111
::1 /getScores?id=0 1524288147280
::1 /getScores?id=0 1524288147347
::1 /getScores?id=0 1524288147377
::1 /getScores?id=0 1524288147391
::1 /getScores?id=0 1524288152257
::1 /getScores?id=0 1524288152399
::1 /getScores?id=0 1524288152483
::1 /getScores?id=0 1524288152515
::1 /getScores?id=0 1524288152528
::1 /getScores?id=0 1524288152536
::1 /getScores?id=0 1524288152545
::1 /getScores?id=0 1524288152552
::1 /getScores?id=0 1524288152558
::1 /getScores?id=0 1524288165866
::1 /getScores?id=0 1524288168868
::1 /getScores?id=0 1524288272027
::1 /getScores?id=0 1524288302803
::1 /getScores?id=0 1524288338962
::1 /getScores?id=0 1524288350483
::1 /getScores?id=0 1524288362533
::1 /getScores?id=0 1524288375730
::1 /getScores?id=0 1524288382292
::1 /getScores?id=0 1524288400100
::1 /getScores?id=0 1524288421620
::1 /getScores?id=0 1524288445526
::1 /getScores?id=0 1524288457568
::1 /getScores?id=0 1524288515469
::1 /getScores?id=0 1524288578781
::1 /getScores?id=0 1524288716843
::1 /getScores?id=0 1524288885565
::1 /getScores?id=0 1524288936991
::1 /getScores?id=0 1524288940962
::1 /getScores?id=0 1524288951210
::1 /getScores?id=0 1524288962682
::1 /getScores?id=0 1524288972643
::1 /getScores?id=0 1524288991075
::1 /getScores?id=0 1524289181833
::1 /getScores?id=0 1524289291283
::1 /getScores?id=0 1524289309101
::1 /getScores?id=0 1524289355281
::1 /getScores?id=0 1524289370399
::1 /getScores?id=0 1524289394316
::1 /getScores?id=0 1524289405192
::1 /getScores?id=0 1524289433565
::1 /getScores?id=0 1524289445296
::1 /getScores?id=0 1524289456590
::1 /getScores?id=0 1524289475751
::1 /getScores?id=0 1524289496181
::1 /getScores?id=0 1524289505957
::1 /getScores?id=0 1524289638881
::1 /getScores?id=0 1524289659628
::1 /getScores?id=0 1524289764123
::1 /getScores?id=0 1524289771634
::1 /getScores?id=0 1524289789758
::1 /getScores?id=0 1524289797399
::1 /getScores?id=0 1524289822746
::1 /getScores?id=0 1524289845666
::1 /getScores?id=0 1524289853462
::1 /getScores?id=0 1524289855456
::1 /getScores?id=0 1524289857461
::1 /getScores?id=0 1524289859458
::1 /getScores?id=0 1524289861465
::1 /getScores?id=0 1524289863749
::1 /getScores?id=0 1524289865789
::1 /getScores?id=0 1524289867721
::1 /getScores?id=0 1524289870000
::1 /getScores?id=0 1524289871725
::1 /getScores?id=0 1524289873842
::1 /getScores?id=0 1524289875943
::1 /getScores?id=0 1524289878227
::1 /getScores?id=0 1524289879476
::1 /getScores?id=0 1524289881477
::1 /getScores?id=0 1524289884779
::1 /getScores?id=0 1524289887889
::1 /getScores?id=0 1524289890200
::1 /getScores?id=0 1524289892181
::1 /getScores?id=0 1524289893744
::1 /getScores?id=0 1524289895934
::1 /getScores?id=0 1524289897972
::1 /getScores?id=0 1524289900012
::1 /getScores?id=0 1524289902023
::1 /getScores?id=0 1524289904015
::1 /getScores?id=0 1524289906133
::1 /getScores?id=0 1524289908203
::1 /getScores?id=0 1524289910045
::1 /getScores?id=0 1524289911960
::1 /getScores?id=0 1524289914000
::1 /getScores?id=0 1524289916154
::1 /getScores?id=0 1524289917866
::1 /getScores?id=0 1524289919736
::1 /getScores?id=0 1524289921950
::1 /getScores?id=0 1524289924116
::1 /getScores?id=0 1524289925959
::1 /getScores?id=0 1524289928074
::1 /getScores?id=0 1524289930082
::1 /getScores?id=0 1524289932034
::1 /getScores?id=0 1524289934133
::1 /getScores?id=0 1524289936083
::1 /getScores?id=0 1524289938008
::1 /getScores?id=0 1524289939983
::1 /getScores?id=0 1524289942023
::1 /getScores?id=0 1524289944000
::1 /getScores?id=0 1524289946033
::1 /getScores?id=0 1524289947800
::1 /getScores?id=0 1524289950196
::1 /getScores?id=0 1524289952065
::1 /getScores?id=0 1524289954200
::1 /getScores?id=0 1524289956051
::1 /getScores?id=0 1524289958082
::1 /getScores?id=0 1524289960017
::1 /getScores?id=0 1524289962043
::1 /getScores?id=0 1524289964213
::1 /getScores?id=0 1524289966073
::1 /setTile?x=10&y=10&c=111&id=1 1524289966960
::1 /getScores?id=0 1524289968018
::1 /getScores?id=0 1524289970024
::1 /getScores?id=0 1524289971899
::1 /getScores?id=0 1524289974031
::1 /getScores?id=0 1524289975738
::1 /getScores?id=0 1524289977767
::1 /getScores?id=0 1524289979950
::1 /setTile?x=10&y=10&c=112&id=1 1524289981078
::1 /getScores?id=0 1524289981999
::1 /getScores?id=0 1524289983005
::1 /getScores?id=0 1524289984785
::1 /getScores?id=0 1524289986786
::1 /getScores?id=0 1524289988785
::1 /getScores?id=0 1524289990785
::1 /getScores?id=0 1524289992786
::1 /getScores?id=0 1524289994782
::1 /getScores?id=0 1524289996786
::1 /getScores?id=0 1524289998783
::1 /getScores?id=0 1524290001864
::1 /getScores?id=0 1524290004037
::1 /getScores?id=0 1524290006016
::1 /getScores?id=0 1524290008039
::1 /getScores?id=0 1524290010041
::1 /getScores?id=0 1524290012031
::1 /getScores?id=0 1524290014049
::1 /getScores?id=0 1524290015965
::1 /getScores?id=0 1524290018057
::1 /getScores?id=0 1524290020033
::1 /getScores?id=0 1524290021906
::1 /getScores?id=0 1524290024127
::1 /getScores?id=0 1524290026097
::1 /getScores?id=0 1524290028071
::1 /getScores?id=0 1524290029997
::1 /getScores?id=0 1524290032148
::1 /getScores?id=0 1524290034066
::1 /getScores?id=0 1524290036081
::1 /getScores?id=0 1524290038066
::1 /setTile?x=10&y=10&c=112&id=1 1524290039482
::1 /getScores?id=0 1524290040032
::1 /getScores?id=0 1524290041049
::1 /setTile?x=10&y=10&c=112&id=1 1524290043481
::1 /getScores?id=0 1524290044027
::1 /getScores?id=0 1524290045063
::1 /getScores?id=0 1524290046787
::1 /setTile?x=10&y=10&c=112&id=1 1524290047743
::1 /getScores?id=0 1524290048790
::1 /getScores?id=0 1524290050790
::1 /setTile?x=10&y=10&c=112&id=1 1524290051747
::1 /getScores?id=0 1524290052787
::1 /getScores?id=0 1524290054788
::1 /setTile?x=10&y=10&c=112&id=1 1524290055742
::1 /getScores?id=0 1524290056790
::1 /getScores?id=0 1524290058785
::1 /setTile?x=10&y=10&c=112&id=1 1524290059747
::1 /getScores?id=0 1524290060785
::1 /getScores?id=0 1524290062790
::1 /setTile?x=10&y=10&c=112&id=1 1524290063479
::1 /getScores?id=0 1524290065995
::1 /getScores?id=0 1524290067061
::1 /setTile?x=10&y=10&c=112&id=1 1524290067480
::1 /getScores?id=0 1524290070030
::1 /getScores?id=0 1524290071048
::1 /setTile?x=10&y=10&c=112&id=1 1524290071480
::1 /getScores?id=0 1524290074032
::1 /getScores?id=0 1524290075049
::1 /setTile?x=10&y=10&c=112&id=1 1524290075481
::1 /getScores?id=0 1524290077999
::1 /getScores?id=0 1524290079049
::1 /setTile?x=10&y=10&c=112&id=1 1524290079481
::1 /getScores?id=0 1524290081985
::1 /getScores?id=0 1524290083002
::1 /setTile?x=10&y=10&c=112&id=1 1524290083480
::1 /getScores?id=0 1524290086048
::1 /setTile?x=10&y=10&c=112&id=1 1524290087480
::1 /getScores?id=0 1524290088206
::1 /getScores?id=0 1524290088964
::1 /setTile?x=10&y=10&c=112&id=1 1524290091481
::1 /getScores?id=0 1524290092073
::1 /getScores?id=0 1524290092876
::1 /setTile?x=10&y=10&c=112&id=1 1524290095482
::1 /getScores?id=0 1524290096060
::1 /getScores?id=0 1524290096980
::1 /setTile?x=10&y=10&c=112&id=1 1524290099482
::1 /getScores?id=0 1524290100079
::1 /getScores?id=0 1524290101030
::1 /setTile?x=10&y=10&c=112&id=1 1524290103480
::1 /getScores?id=0 1524290104061
::1 /getScores?id=0 1524290104998
::1 /setTile?x=10&y=10&c=112&id=1 1524290107480
::1 /getScores?id=0 1524290107998
::1 /getScores?id=0 1524290109066
::1 /setTile?x=10&y=10&c=112&id=1 1524290111481
::1 /setTile?x=10&y=100&c=111&id=1 1524290111495
::1 /setTile?x=10&y=100&c=111&id=1 1524290111797
::1 /getScores?id=0 1524290112015
::1 /setTile?x=10&y=100&c=111&id=1 1524290112097
::1 /setTile?x=10&y=100&c=111&id=1 1524290112398
::1 /setTile?x=10&y=100&c=111&id=1 1524290112693
::1 /setTile?x=10&y=100&c=111&id=1 1524290112997
::1 /getScores?id=0 1524290113052
::1 /setTile?x=10&y=100&c=111&id=1 1524290113297
::1 /setTile?x=10&y=100&c=111&id=1 1524290113597
::1 /setTile?x=10&y=100&c=111&id=1 1524290113898
::1 /setTile?x=10&y=100&c=111&id=1 1524290114197
::1 /setTile?x=10&y=100&c=111&id=1 1524290114494
::1 /setTile?x=10&y=100&c=111&id=1 1524290114797
::1 /setTile?x=10&y=100&c=111&id=1 1524290115094
::1 /setTile?x=10&y=100&c=111&id=1 1524290115394
::1 /setTile?x=10&y=10&c=112&id=1 1524290115486
::1 /setTile?x=10&y=100&c=111&id=1 1524290115693
::1 /setTile?x=10&y=100&c=111&id=1 1524290115994
::1 /getScores?id=0 1524290116046
::1 /setTile?x=10&y=100&c=111&id=1 1524290116294
::1 /setTile?x=10&y=100&c=111&id=1 1524290116595
::1 /setTile?x=10&y=100&c=111&id=1 1524290116894
::1 /getScores?id=0 1524290117012
::1 /setTile?x=10&y=100&c=111&id=1 1524290117196
::1 /setTile?x=10&y=100&c=111&id=1 1524290117495
::1 /setTile?x=10&y=101&c=111&id=1 1524290117689
::1 /setTile?x=10&y=100&c=111&id=1 1524290117879
::1 /setTile?x=10&y=101&c=111&id=1 1524290117985
::1 /setTile?x=10&y=100&c=111&id=1 1524290118095
::1 /setTile?x=10&y=101&c=111&id=1 1524290118289
::1 /setTile?x=10&y=100&c=111&id=1 1524290118396
::1 /setTile?x=10&y=101&c=111&id=1 1524290118887
::1 /setTile?x=10&y=100&c=111&id=1 1524290118996
::1 /setTile?x=10&y=101&c=111&id=1 1524290119185
::1 /setTile?x=10&y=100&c=111&id=1 1524290119294
::1 /setTile?x=10&y=10&c=112&id=1 1524290119487
::1 /setTile?x=10&y=100&c=111&id=1 1524290119893
::1 /getScores?id=0 1524290120031
::1 /setTile?x=10&y=101&c=111&id=1 1524290120089
::1 /setTile?x=10&y=100&c=111&id=1 1524290120196
::1 /setTile?x=10&y=101&c=111&id=1 1524290120386
::1 /setTile?x=10&y=101&c=111&id=1 1524290120986
::1 /getScores?id=0 1524290121064
::1 /setTile?x=10&y=100&c=111&id=1 1524290121097
::1 /setTile?x=10&y=101&c=111&id=1 1524290121289
::1 /setTile?x=10&y=100&c=111&id=1 1524290121397
::1 /setTile?x=10&y=101&c=111&id=1 1524290121885
::1 /setTile?x=10&y=100&c=111&id=1 1524290121998
::1 /setTile?x=10&y=102&c=111&id=1 1524290122138
::1 /setTile?x=10&y=101&c=111&id=1 1524290122333
::1 /setTile?x=10&y=100&c=111&id=1 1524290122334
::1 /setTile?x=10&y=100&c=111&id=1 1524290122897
::1 /setTile?x=10&y=102&c=111&id=1 1524290123037
::1 /setTile?x=10&y=101&c=111&id=1 1524290123084
::1 /setTile?x=10&y=100&c=111&id=1 1524290123196
::1 /setTile?x=10&y=102&c=111&id=1 1524290123336
::1 /setTile?x=10&y=102&c=111&id=1 1524290123937
::1 /setTile?x=10&y=101&c=111&id=1 1524290123986
::1 /getScores?id=0 1524290124020
::1 /setTile?x=10&y=100&c=111&id=1 1524290124099
::1 /setTile?x=10&y=102&c=111&id=1 1524290124236
::1 /setTile?x=10&y=101&c=111&id=1 1524290125755
::1 /setTile?x=10&y=100&c=111&id=1 1524290125756
::1 /setTile?x=10&y=102&c=111&id=1 1524290125758
::1 /setTile?x=10&y=101&c=111&id=1 1524290126756
::1 /setTile?x=10&y=100&c=111&id=1 1524290126758
::1 /setTile?x=10&y=102&c=111&id=1 1524290126760
::1 /getScores?id=0 1524290126789
::1 /setTile?x=10&y=100&c=111&id=1 1524290127753
::1 /setTile?x=10&y=102&c=111&id=1 1524290127754
::1 /setTile?x=10&y=101&c=111&id=1 1524290127756
::1 /setTile?x=10&y=10&c=112&id=1 1524290127759
::1 /setTile?x=10&y=102&c=111&id=1 1524290128757
::1 /setTile?x=10&y=101&c=111&id=1 1524290128758
::1 /setTile?x=10&y=100&c=111&id=1 1524290128759
::1 /getScores?id=0 1524290128789
::1 /setTile?x=10&y=101&c=111&id=1 1524290129758
::1 /setTile?x=10&y=100&c=111&id=1 1524290129759
::1 /setTile?x=10&y=102&c=111&id=1 1524290129760
::1 /setTile?x=10&y=100&c=111&id=1 1524290130756
::1 /setTile?x=10&y=102&c=111&id=1 1524290130757
::1 /setTile?x=10&y=101&c=111&id=1 1524290130760
::1 /getScores?id=0 1524290130790
::1 /setTile?x=10&y=102&c=111&id=1 1524290131753
::1 /setTile?x=10&y=101&c=111&id=1 1524290131757
::1 /setTile?x=10&y=100&c=111&id=1 1524290131760
::1 /setTile?x=10&y=10&c=112&id=1 1524290131761
::1 /setTile?x=10&y=101&c=111&id=1 1524290132759
::1 /setTile?x=10&y=100&c=111&id=1 1524290132761
::1 /setTile?x=10&y=102&c=111&id=1 1524290132762
::1 /getScores?id=0 1524290132789
::1 /setTile?x=10&y=100&c=111&id=1 1524290133757
::1 /setTile?x=10&y=102&c=111&id=1 1524290133758
::1 /setTile?x=10&y=101&c=111&id=1 1524290133762
::1 /setTile?x=10&y=102&c=111&id=1 1524290134757
::1 /setTile?x=10&y=101&c=111&id=1 1524290134758
::1 /setTile?x=10&y=100&c=111&id=1 1524290134760
::1 /getScores?id=0 1524290134791
::1 /setTile?x=10&y=101&c=111&id=1 1524290135757
::1 /setTile?x=10&y=100&c=111&id=1 1524290135761
::1 /setTile?x=10&y=102&c=111&id=1 1524290135762
::1 /setTile?x=10&y=10&c=112&id=1 1524290135763
::1 /setTile?x=10&y=100&c=111&id=1 1524290136754
::1 /setTile?x=10&y=102&c=111&id=1 1524290136755
::1 /setTile?x=10&y=101&c=111&id=1 1524290136756
::1 /getScores?id=0 1524290136793
::1 /setTile?x=10&y=102&c=111&id=1 1524290137753
::1 /setTile?x=10&y=101&c=111&id=1 1524290137755
::1 /setTile?x=10&y=100&c=111&id=1 1524290137757
::1 /setTile?x=10&y=101&c=111&id=1 1524290138754
::1 /setTile?x=10&y=100&c=111&id=1 1524290138756
::1 /setTile?x=10&y=102&c=111&id=1 1524290138758
::1 /getScores?id=0 1524290138793
::1 /setTile?x=10&y=100&c=111&id=1 1524290139756
::1 /setTile?x=10&y=102&c=111&id=1 1524290139758
::1 /setTile?x=10&y=101&c=111&id=1 1524290139758
::1 /setTile?x=10&y=10&c=112&id=1 1524290139762
::1 /setTile?x=10&y=102&c=111&id=1 1524290140755
::1 /setTile?x=10&y=101&c=111&id=1 1524290140759
::1 /setTile?x=10&y=100&c=111&id=1 1524290140760
::1 /getScores?id=0 1524290140790
::1 /setTile?x=10&y=101&c=111&id=1 1524290141756
::1 /setTile?x=10&y=100&c=111&id=1 1524290141760
::1 /setTile?x=10&y=102&c=111&id=1 1524290141761
::1 /setTile?x=10&y=100&c=111&id=1 1524290142755
::1 /setTile?x=10&y=102&c=111&id=1 1524290142757
::1 /setTile?x=10&y=101&c=111&id=1 1524290142758
::1 /getScores?id=0 1524290142790
::1 /setTile?x=10&y=102&c=111&id=1 1524290143756
::1 /setTile?x=10&y=101&c=111&id=1 1524290143760
::1 /setTile?x=10&y=100&c=111&id=1 1524290143761
::1 /setTile?x=10&y=10&c=112&id=1 1524290143763
::1 /setTile?x=10&y=101&c=111&id=1 1524290144757
::1 /setTile?x=10&y=100&c=111&id=1 1524290144759
::1 /setTile?x=10&y=102&c=111&id=1 1524290144760
::1 /getScores?id=0 1524290144791
::1 /setTile?x=10&y=100&c=111&id=1 1524290145757
::1 /setTile?x=10&y=102&c=111&id=1 1524290145758
::1 /setTile?x=10&y=101&c=111&id=1 1524290145759
::1 /setTile?x=10&y=102&c=111&id=1 1524290146758
::1 /setTile?x=10&y=101&c=111&id=1 1524290146760
::1 /setTile?x=10&y=100&c=111&id=1 1524290146761
::1 /getScores?id=0 1524290146790
::1 /setTile?x=10&y=101&c=111&id=1 1524290147758
::1 /setTile?x=10&y=100&c=111&id=1 1524290147761
::1 /setTile?x=10&y=102&c=111&id=1 1524290147763
::1 /setTile?x=10&y=10&c=112&id=1 1524290147764
::1 /setTile?x=10&y=100&c=111&id=1 1524290148759
::1 /setTile?x=10&y=102&c=111&id=1 1524290148760
::1 /setTile?x=10&y=101&c=111&id=1 1524290148761
::1 /getScores?id=0 1524290148790
::1 /setTile?x=10&y=102&c=111&id=1 1524290149758
::1 /setTile?x=10&y=101&c=111&id=1 1524290149759
::1 /setTile?x=10&y=100&c=111&id=1 1524290149762
::1 /setTile?x=10&y=101&c=111&id=1 1524290150758
::1 /setTile?x=10&y=100&c=111&id=1 1524290150760
::1 /setTile?x=10&y=102&c=111&id=1 1524290150761
::1 /getScores?id=0 1524290150790
::1 /setTile?x=10&y=100&c=111&id=1 1524290151758
::1 /setTile?x=10&y=102&c=111&id=1 1524290151761
::1 /setTile?x=10&y=101&c=111&id=1 1524290151763
::1 /setTile?x=10&y=10&c=112&id=1 1524290151766
::1 /setTile?x=10&y=102&c=111&id=1 1524290152759
::1 /setTile?x=10&y=101&c=111&id=1 1524290152760
::1 /setTile?x=10&y=100&c=111&id=1 1524290152764
::1 /getScores?id=0 1524290152793
::1 /setTile?x=10&y=101&c=111&id=1 1524290153758
::1 /setTile?x=10&y=100&c=111&id=1 1524290153760
::1 /setTile?x=10&y=102&c=111&id=1 1524290153762
::1 /setTile?x=10&y=100&c=111&id=1 1524290154757
::1 /setTile?x=10&y=102&c=111&id=1 1524290154759
::1 /setTile?x=10&y=101&c=111&id=1 1524290154760
::1 /getScores?id=0 1524290154790
::1 /setTile?x=10&y=102&c=111&id=1 1524290155758
::1 /setTile?x=10&y=101&c=111&id=1 1524290155762
::1 /setTile?x=10&y=100&c=111&id=1 1524290155763
::1 /setTile?x=10&y=10&c=112&id=1 1524290155764
::1 /setTile?x=10&y=101&c=111&id=1 1524290156760
::1 /setTile?x=10&y=100&c=111&id=1 1524290156762
::1 /setTile?x=10&y=102&c=111&id=1 1524290156765
::1 /getScores?id=0 1524290156790
::1 /setTile?x=10&y=100&c=111&id=1 1524290157757
::1 /setTile?x=10&y=102&c=111&id=1 1524290157758
::1 /setTile?x=10&y=101&c=111&id=1 1524290157760
::1 /setTile?x=10&y=102&c=111&id=1 1524290158758
::1 /setTile?x=10&y=101&c=111&id=1 1524290158759
::1 /setTile?x=10&y=100&c=111&id=1 1524290158760
::1 /getScores?id=0 1524290158793
::1 /setTile?x=10&y=101&c=111&id=1 1524290159758
::1 /setTile?x=10&y=100&c=111&id=1 1524290159760
::1 /setTile?x=10&y=102&c=111&id=1 1524290159762
::1 /setTile?x=10&y=10&c=112&id=1 1524290159764
::1 /setTile?x=10&y=100&c=111&id=1 1524290160760
::1 /setTile?x=10&y=102&c=111&id=1 1524290160761
::1 /setTile?x=10&y=101&c=111&id=1 1524290160762
::1 /getScores?id=0 1524290160791
::1 /setTile?x=10&y=102&c=111&id=1 1524290161758
::1 /setTile?x=10&y=101&c=111&id=1 1524290161759
::1 /setTile?x=10&y=100&c=111&id=1 1524290161760
::1 /setTile?x=10&y=101&c=111&id=1 1524290162757
::1 /setTile?x=10&y=100&c=111&id=1 1524290162761
::1 /setTile?x=10&y=102&c=111&id=1 1524290162765
::1 /getScores?id=0 1524290162790
::1 /setTile?x=10&y=100&c=111&id=1 1524290163757
::1 /setTile?x=10&y=102&c=111&id=1 1524290163761
::1 /setTile?x=10&y=101&c=111&id=1 1524290163762
::1 /setTile?x=10&y=10&c=112&id=1 1524290163764
::1 /setTile?x=10&y=102&c=111&id=1 1524290164759
::1 /setTile?x=10&y=101&c=111&id=1 1524290164760
::1 /setTile?x=10&y=100&c=111&id=1 1524290164762
::1 /getScores?id=0 1524290164789
::1 /setTile?x=10&y=101&c=111&id=1 1524290165758
::1 /setTile?x=10&y=100&c=111&id=1 1524290165760
::1 /setTile?x=10&y=102&c=111&id=1 1524290165761
::1 /setTile?x=10&y=100&c=111&id=1 1524290166755
::1 /setTile?x=10&y=102&c=111&id=1 1524290166757
::1 /setTile?x=10&y=101&c=111&id=1 1524290166758
::1 /getScores?id=0 1524290166790
::1 /setTile?x=10&y=102&c=111&id=1 1524290167759
::1 /setTile?x=10&y=101&c=111&id=1 1524290167760
::1 /setTile?x=10&y=100&c=111&id=1 1524290167760
::1 /setTile?x=10&y=10&c=112&id=1 1524290167763
::1 /setTile?x=10&y=101&c=111&id=1 1524290168758
::1 /setTile?x=10&y=100&c=111&id=1 1524290168759
::1 /setTile?x=10&y=102&c=111&id=1 1524290168760
::1 /getScores?id=0 1524290168791
::1 /setTile?x=10&y=100&c=111&id=1 1524290169757
::1 /setTile?x=10&y=102&c=111&id=1 1524290169758
::1 /setTile?x=10&y=101&c=111&id=1 1524290169760
::1 /setTile?x=10&y=102&c=111&id=1 1524290170758
::1 /setTile?x=10&y=101&c=111&id=1 1524290170759
::1 /setTile?x=10&y=100&c=111&id=1 1524290170760
::1 /getScores?id=0 1524290170791
::1 /setTile?x=10&y=101&c=111&id=1 1524290171758
::1 /setTile?x=10&y=100&c=111&id=1 1524290171762
::1 /setTile?x=10&y=102&c=111&id=1 1524290171763
::1 /setTile?x=10&y=10&c=112&id=1 1524290171764
::1 /setTile?x=10&y=100&c=111&id=1 1524290172759
::1 /setTile?x=10&y=102&c=111&id=1 1524290172763
::1 /setTile?x=10&y=101&c=111&id=1 1524290172764
::1 /getScores?id=0 1524290172793
::1 /setTile?x=10&y=102&c=111&id=1 1524290173756
::1 /setTile?x=10&y=101&c=111&id=1 1524290173757
::1 /setTile?x=10&y=100&c=111&id=1 1524290173760
::1 /setTile?x=10&y=101&c=111&id=1 1524290174754
::1 /setTile?x=10&y=100&c=111&id=1 1524290174755
::1 /setTile?x=10&y=102&c=111&id=1 1524290174758
::1 /getScores?id=0 1524290174794
::1 /setTile?x=10&y=100&c=111&id=1 1524290175755
::1 /setTile?x=10&y=102&c=111&id=1 1524290175757
::1 /setTile?x=10&y=101&c=111&id=1 1524290175759
::1 /setTile?x=10&y=10&c=112&id=1 1524290175760
::1 /setTile?x=10&y=102&c=111&id=1 1524290176757
::1 /setTile?x=10&y=101&c=111&id=1 1524290176758
::1 /setTile?x=10&y=100&c=111&id=1 1524290176759
::1 /getScores?id=0 1524290176791
::1 /setTile?x=10&y=101&c=111&id=1 1524290177755
::1 /setTile?x=10&y=100&c=111&id=1 1524290177756
::1 /setTile?x=10&y=102&c=111&id=1 1524290177758
::1 /setTile?x=10&y=100&c=111&id=1 1524290178756
::1 /setTile?x=10&y=102&c=111&id=1 1524290178757
::1 /setTile?x=10&y=101&c=111&id=1 1524290178760
::1 /getScores?id=0 1524290178791
::1 /setTile?x=10&y=102&c=111&id=1 1524290179756
::1 /setTile?x=10&y=101&c=111&id=1 1524290179761
::1 /setTile?x=10&y=100&c=111&id=1 1524290179761
::1 /setTile?x=10&y=10&c=112&id=1 1524290179762
::1 /setTile?x=10&y=101&c=111&id=1 1524290180758
::1 /setTile?x=10&y=100&c=111&id=1 1524290180759
::1 /setTile?x=10&y=102&c=111&id=1 1524290180762
::1 /getScores?id=0 1524290180791
::1 /setTile?x=10&y=100&c=111&id=1 1524290181757
::1 /setTile?x=10&y=102&c=111&id=1 1524290181758
::1 /setTile?x=10&y=101&c=111&id=1 1524290181762
::1 /setTile?x=10&y=102&c=111&id=1 1524290182759
::1 /setTile?x=10&y=101&c=111&id=1 1524290182761
::1 /setTile?x=10&y=100&c=111&id=1 1524290182762
::1 /getScores?id=0 1524290182792
::1 /setTile?x=10&y=101&c=111&id=1 1524290183758
::1 /setTile?x=10&y=100&c=111&id=1 1524290183761
::1 /setTile?x=10&y=102&c=111&id=1 1524290183763
::1 /setTile?x=10&y=10&c=112&id=1 1524290183764
::1 /setTile?x=10&y=100&c=111&id=1 1524290184759
::1 /setTile?x=10&y=102&c=111&id=1 1524290184760
::1 /setTile?x=10&y=101&c=111&id=1 1524290184762
::1 /getScores?id=0 1524290184794
::1 /setTile?x=10&y=102&c=111&id=1 1524290185757
::1 /setTile?x=10&y=101&c=111&id=1 1524290185758
::1 /setTile?x=10&y=100&c=111&id=1 1524290185760
::1 /setTile?x=10&y=101&c=111&id=1 1524290186758
::1 /setTile?x=10&y=100&c=111&id=1 1524290186760
::1 /setTile?x=10&y=102&c=111&id=1 1524290186761
::1 /getScores?id=0 1524290186792
::1 /setTile?x=10&y=100&c=111&id=1 1524290187758
::1 /setTile?x=10&y=102&c=111&id=1 1524290187760
::1 /setTile?x=10&y=101&c=111&id=1 1524290187762
::1 /setTile?x=10&y=10&c=112&id=1 1524290187763
::1 /setTile?x=10&y=102&c=111&id=1 1524290188760
::1 /setTile?x=10&y=101&c=111&id=1 1524290188761
::1 /setTile?x=10&y=100&c=111&id=1 1524290188764
::1 /getScores?id=0 1524290188791
::1 /setTile?x=10&y=101&c=111&id=1 1524290189758
::1 /setTile?x=10&y=100&c=111&id=1 1524290189759
::1 /setTile?x=10&y=102&c=111&id=1 1524290189760
::1 /setTile?x=10&y=100&c=111&id=1 1524290190758
::1 /setTile?x=10&y=102&c=111&id=1 1524290190759
::1 /setTile?x=10&y=101&c=111&id=1 1524290190759
::1 /getScores?id=0 1524290190790
::1 /setTile?x=10&y=102&c=111&id=1 1524290191758
::1 /setTile?x=10&y=101&c=111&id=1 1524290191759
::1 /setTile?x=10&y=100&c=111&id=1 1524290191762
::1 /setTile?x=10&y=10&c=112&id=1 1524290191765
::1 /setTile?x=10&y=101&c=111&id=1 1524290192759
::1 /setTile?x=10&y=100&c=111&id=1 1524290192760
::1 /setTile?x=10&y=102&c=111&id=1 1524290192762
::1 /getScores?id=0 1524290192792
::1 /setTile?x=10&y=100&c=111&id=1 1524290193757
::1 /setTile?x=10&y=102&c=111&id=1 1524290193759
::1 /setTile?x=10&y=101&c=111&id=1 1524290193760
::1 /setTile?x=10&y=102&c=111&id=1 1524290194758
::1 /setTile?x=10&y=101&c=111&id=1 1524290194759
::1 /setTile?x=10&y=100&c=111&id=1 1524290194760
::1 /getScores?id=0 1524290194793
::1 /setTile?x=10&y=101&c=111&id=1 1524290195758
::1 /setTile?x=10&y=100&c=111&id=1 1524290195761
::1 /setTile?x=10&y=102&c=111&id=1 1524290195762
::1 /setTile?x=10&y=10&c=112&id=1 1524290195764
::1 /setTile?x=10&y=100&c=111&id=1 1524290196758
::1 /setTile?x=10&y=102&c=111&id=1 1524290196761
::1 /setTile?x=10&y=101&c=111&id=1 1524290196762
::1 /getScores?id=0 1524290196792
::1 /setTile?x=10&y=102&c=111&id=1 1524290197758
::1 /setTile?x=10&y=101&c=111&id=1 1524290197759
::1 /setTile?x=10&y=100&c=111&id=1 1524290197760
::1 /setTile?x=10&y=101&c=111&id=1 1524290197807
::1 /setTile?x=10&y=100&c=111&id=1 1524290197896
::1 /setTile?x=10&y=102&c=111&id=1 1524290198042
::1 /setTile?x=10&y=101&c=111&id=1 1524290198088
::1 /setTile?x=10&y=100&c=111&id=1 1524290198196
::1 /setTile?x=10&y=102&c=111&id=1 1524290198343
::1 /setTile?x=10&y=101&c=111&id=1 1524290198388
::1 /setTile?x=10&y=101&c=111&id=1 1524290198988
::1 /setTile?x=10&y=100&c=111&id=1 1524290199096
::1 /setTile?x=10&y=102&c=111&id=1 1524290199237
::1 /setTile?x=10&y=101&c=111&id=1 1524290199285
::1 /setTile?x=10&y=100&c=111&id=1 1524290199396
::1 /getScores?id=0 1524290200792
::1 /getScores?id=0 1524290202792
::1 /getScores?id=0 1524290204791
::1 /getScores?id=0 1524290207745
::1 /getScores?id=0 1524290209963
::1 /getScores?id=0 1524290211880
::1 /getScores?id=0 1524290213997
::1 /getScores?id=0 1524290216197
::1 /getScores?id=0 1524290218147
::1 /getScores?id=0 1524290220064
::1 /getScores?id=0 1524290222037
::1 /getScores?id=0 1524290224022
::1 /getScores?id=0 1524290225979
::1 /getScores?id=0 1524290228039
::1 /getScores?id=0 1524290229997
::1 /getScores?id=0 1524290231997
::1 /getScores?id=0 1524290234197
::1 /getScores?id=0 1524290236109
::1 /getScores?id=0 1524290238097
::1 /getScores?id=0 1524290239746
::1 /getScores?id=0 1524290241746
::1 /getScores?id=0 1524290243746
::1 /getScores?id=0 1524290245748
::1 /getScores?id=0 1524290246794
::1 /getScores?id=0 1524290248791
::1 /getGroup?&id=1 1524290388172
::1 /getGroup?&id=20 1524290391378