
::1 /setTile?x=8&y=2&c=37d67a&id=1 1524013649081
::1 /setTile?x=8&y=1&c=37d67a&id=1 1524013665789
::1 /setTile?x=8&y=1&c=37d67a&id=1 1524013669131
::1 /setTile?x=8&y=1&c=37d67a&id=1 1524013669647
::1 /setTile?x=2&y=5&c=37d67a&id=1 1524013713331
::1 /setTile?x=3&y=3&c=37d67a&id=1 1524013727094
::1 /setTile?x=1&y=5&c=37d67a&id=1 1524013732936
::1 /setTile?x=1&y=5&c=37d67a&id=1 1524013735053
::1 /setTile?x=1&y=5&c=37d67a&id=1 1524013743823
::1 /setTile?x=0&y=6&c=37d67a&id=1 1524013754315
::1 /setTile?x=4&y=2&c=37d67a&id=1 1524013777786
::1 /setTile?x=1&y=4&c=37d67a&id=1 1524013786520
::1 /setTile?x=4&y=3&c=37d67a&id=1 1524013790832
::1 /setTile?x=2&y=5&c=37d67a&id=1 1524013791649
::1 /setTile?x=1&y=4&c=37d67a&id=1 1524013796167
::1 /setTile?x=1&y=5&c=37d67a&id=1 1524013796661
::1 /setTile?x=1&y=7&c=37d67a&id=1 1524013800790
::1 /setTile?x=1&y=7&c=37d67a&id=1 1524013800806
::1 /setTile?x=2&y=5&c=37d67a&id=1 1524013801387
::1 /setTile?x=8&y=2&c=37d67a&id=1 1524013810487
::1 /setTile?x=6&y=2&c=37d67a&id=1 1524013810980
::1 /setTile?x=3&y=3&c=B45&id=1 1524013866170
::1 /setTile?x=2&y=3&c=B45&id=1 1524013866666
::1 /setTile?x=1&y=3&c=B45&id=1 1524019655543
::1 /setTile?x=2&y=3&c=B45&id=1 1524019655976
::1 /setTile?x=3&y=1&c=B45&id=1 1524019656312
::1 /setTile?x=0&y=2&c=37d67a&id=1 1524019657643
::1 /setTile?x=0&y=3&c=B45&id=1 1524019660893
::1 /setTile?x=0&y=6&c=B45&id=1 1524019664026
::1 /setTile?x=1&y=3&c=B45&id=1 1524019705828
::1 /setTile?x=1&y=3&c=B45&id=1 1524019706466
::1 /setTile?x=1&y=3&c=B45&id=1 1524019706685
::1 /setTile?x=1&y=8&c=B45&id=1 1524019710656
::1 /setTile?x=1&y=8&c=B45&id=1 1524019711143
::1 /setTile?x=2&y=8&c=B45&id=1 1524019711652
::1 /setTile?x=0&y=8&c=B45&id=1 1524019715511
::1 /setTile?x=1&y=8&c=B45&id=1 1524019715958
::1 /setTile?x=1&y=9&c=B45&id=1 1524019719863
::1 /setTile?x=3&y=9&c=B45&id=1 1524019720252
::1 /setTile?x=1&y=9&c=B45&id=1 1524019720868
::1 /setTile?x=1&y=9&c=B45&id=1 1524019721222
::1 /setTile?x=1&y=9&c=B45&id=1 1524019726826
::1 /setTile?x=3&y=9&c=B45&id=1 1524019727305
::1 /setTile?x=3&y=9&c=B45&id=1 1524019727759
::1 /setTile?x=3&y=9&c=B45&id=1 1524019731862
::1 /setTile?x=2&y=9&c=B45&id=1 1524019732396
::1 /setTile?x=0&y=7&c=B45&id=1 1524019737554
::1 /setTile?x=1&y=8&c=B45&id=1 1524019737934
::1 /setTile?x=1&y=9&c=B45&id=1 1524019741930
::1 /setTile?x=2&y=9&c=B45&id=1 1524019742335
::1 /setTile?x=0&y=9&c=B45&id=1 1524019746361
::1 /setTile?x=2&y=9&c=B45&id=1 1524019746759
::1 /setTile?x=3&y=8&c=B45&id=1 1524019753660
::1 /setTile?x=3&y=8&c=B45&id=1 1524019753877
::1 /setTile?x=3&y=8&c=B45&id=1 1524019754273
::1 /setTile?x=9&y=3&c=B45&id=1 1524019795202
::1 /setTile?x=8&y=5&c=B45&id=1 1524019795834
::1 /setTile?x=3&y=7&c=B45&id=1 1524019796434
::1 /setTile?x=4&y=9&c=B45&id=1 1524019796920
::1 /setTile?x=3&y=6&c=B45&id=1 1524019805750
::1 /setTile?x=3&y=7&c=B45&id=1 1524019806213
::1 /setTile?x=3&y=8&c=B45&id=1 1524019814833
::1 /setTile?x=1&y=8&c=B45&id=1 1524019815238
::1 /setTile?x=1&y=7&c=B45&id=1 1524019828433
::1 /setTile?x=1&y=7&c=B45&id=1 1524019828911
::1 /setTile?x=2&y=9&c=B45&id=1 1524019833637
::1 /setTile?x=3&y=9&c=B45&id=1 1524019833993
::1 /setTile?x=1&y=9&c=B45&id=1 1524019834367
::1 /setTile?x=1&y=3&c=B45&id=1 1524019836984
::1 /setTile?x=3&y=4&c=B45&id=1 1524019851686
::1 /setTile?x=5&y=3&c=B45&id=1 1524019852164
::1 /setTile?x=3&y=3&c=B45&id=1 1524019859021
::1 /setTile?x=2&y=3&c=B45&id=1 1524019859344
::1 /setTile?x=2&y=3&c=B45&id=1 1524019859574
::1 /setTile?x=1&y=7&c=B45&id=1 1524019868187
::1 /setTile?x=2&y=3&c=B45&id=1 1524019879105
::1 /setTile?x=1&y=3&c=B45&id=1 1524019914856
::1 /setTile?x=1&y=3&c=B45&id=1 1524019915436
::1 /setTile?x=1&y=3&c=B45&id=1 1524019915589
::1 /setTile?x=5&y=6&c=B45&id=1 1524019928030
::1 /setTile?x=2&y=7&c=B45&id=1 1524019928731
::1 /setTile?x=2&y=7&c=B45&id=1 1524019929136
::1 /setTile?x=0&y=8&c=B45&id=1 1524019956335
::1 /setTile?x=0&y=9&c=B45&id=1 1524019956710
::1 /setTile?x=1&y=9&c=B45&id=1 1524019957437
::1 /setTile?x=1&y=2&c=B45&id=1 1524019971349
::1 /setTile?x=1&y=2&c=B45&id=1 1524019971818
::1 /setTile?x=1&y=6&c=B45&id=1 1524019977247
::1 /setTile?x=0&y=6&c=B45&id=1 1524019977598
::1 /setTile?x=0&y=7&c=B45&id=1 1524019978008
::1 /setTile?x=0&y=0&c=000&id=1 1524191099032
::1 /setTile?x=0&y=1&c=000&id=1 1524191099039
::1 /setTile?x=0&y=2&c=000&id=1 1524191099041
::1 /setTile?x=0&y=3&c=000&id=1 1524191099043
::1 /setTile?x=0&y=7&c=000&id=1 1524191099050
::1 /setTile?x=0&y=0&c=000&id=1 1524191181286
::1 /setTile?x=0&y=0&c=000&id=1 1524191192316
::1 /setTile?x=0&y=0&c=000&id=1 1524191201240
::1 /setTile?x=0&y=0&c=000&id=1 1524191252273
::1 /setTile?x=0&y=0&c=000&id=1 1524191438350
::1 /setTile?x=0&y=0&c=000&id=1 1524191490650
::1 /setTile?x=0&y=0&c=000&id=1 1524191515701
::1 /setTile?x=0&y=0&c=000&id=1 1524191544069
::1 /setTile?x=0&y=0&c=000&id=1 1524191565278
::1 /setTile?x=0&y=0&c=000&id=1 1524191573373
::1 /setTile?x=0&y=1&id=0 1524192676601
::1 /setTile?x=0&y=10&c=4g3333&id=1 1524193718095
::1 /setTile?x=-1&y=-1&c=C0392B&id=1 1524256821683
::1 /setTile?x=-1&y=-1&c=C0392B&id=1 1524257023805
::1 /setTile?x=-1&y=-1&c=F11&id=1 1524257621757
::1 /setTile?x=-1&y=-1&c=C0392B&id=1 1524257627760
::1 /setTile?x=-1&y=-1&c=F11&id=1 1524257651408
::1 /setTile?x=-1&y=-1&c=C0392B&id=1 1524257657411
::1 /setTile?x=249&y=251&c=0d3&id=1 1524258090740
::1 /setTile?x=249&y=247&c=0d3&id=1 1524258090748
::1 /setTile?x=251&y=249&c=0d3&id=1 1524258090750
::1 /setTile?x=247&y=249&c=0d3&id=1 1524258090751
::1 /setTile?x=249&y=252&c=0d3&id=1 1524258091531
::1 /setTile?x=249&y=246&c=0d3&id=1 1524258091533
::1 /setTile?x=252&y=249&c=0d3&id=1 1524258091534
::1 /setTile?x=246&y=249&c=0d3&id=1 1524258091537
::1 /setTile?x=249&y=253&c=0d3&id=1 1524258092327
::1 /setTile?x=249&y=245&c=0d3&id=1 1524258092329
::1 /setTile?x=253&y=249&c=0d3&id=1 1524258092331
::1 /setTile?x=245&y=249&c=0d3&id=1 1524258092334
::1 /setTile?x=249&y=254&c=0d3&id=1 1524258093133
::1 /setTile?x=249&y=255&c=0d3&id=1 1524258093927
::1 /setTile?x=249&y=243&c=0d3&id=1 1524258093928
::1 /setTile?x=255&y=249&c=0d3&id=1 1524258093930
::1 /setTile?x=243&y=249&c=0d3&id=1 1524258093934
::1 /setTile?x=249&y=256&c=0d3&id=1 1524258094727
::1 /setTile?x=249&y=242&c=0d3&id=1 1524258094729
::1 /setTile?x=256&y=249&c=0d3&id=1 1524258094731
::1 /setTile?x=242&y=249&c=0d3&id=1 1524258094733
::1 /setTile?x=249&y=257&c=0d3&id=1 1524258095529
::1 /setTile?x=249&y=241&c=0d3&id=1 1524258095531
::1 /setTile?x=257&y=249&c=0d3&id=1 1524258095533
::1 /setTile?x=241&y=249&c=0d3&id=1 1524258095536
::1 /setTile?x=249&y=258&c=0d3&id=1 1524258096329
::1 /setTile?x=249&y=240&c=0d3&id=1 1524258096331
::1 /setTile?x=258&y=249&c=0d3&id=1 1524258096333
::1 /setTile?x=240&y=249&c=0d3&id=1 1524258096336
::1 /setTile?x=249&y=259&c=0d3&id=1 1524258097130
::1 /setTile?x=249&y=260&c=0d3&id=1 1524258097931
::1 /setTile?x=249&y=238&c=0d3&id=1 1524258097933
::1 /setTile?x=260&y=249&c=0d3&id=1 1524258097934
::1 /setTile?x=238&y=249&c=0d3&id=1 1524258097937
::1 /setTile?x=249&y=261&c=0d3&id=1 1524258098728
::1 /setTile?x=249&y=237&c=0d3&id=1 1524258098729
::1 /setTile?x=261&y=249&c=0d3&id=1 1524258098731
::1 /setTile?x=237&y=249&c=0d3&id=1 1524258098733
::1 /setTile?x=249&y=262&c=0d3&id=1 1524258099531
::1 /setTile?x=249&y=236&c=0d3&id=1 1524258099532
::1 /setTile?x=262&y=249&c=0d3&id=1 1524258099535
::1 /setTile?x=236&y=249&c=0d3&id=1 1524258099538
::1 /setTile?x=249&y=263&c=0d3&id=1 1524258100331
::1 /setTile?x=249&y=235&c=0d3&id=1 1524258100333
::1 /setTile?x=263&y=249&c=0d3&id=1 1524258100334
::1 /setTile?x=235&y=249&c=0d3&id=1 1524258100338
::1 /setTile?x=249&y=264&c=0d3&id=1 1524258101132
::1 /setTile?x=249&y=265&c=0d3&id=1 1524258101926
::1 /setTile?x=249&y=233&c=0d3&id=1 1524258101928
::1 /setTile?x=265&y=249&c=0d3&id=1 1524258101931
::1 /setTile?x=233&y=249&c=0d3&id=1 1524258101934
::1 /setTile?x=249&y=266&c=0d3&id=1 1524258102727
::1 /setTile?x=249&y=232&c=0d3&id=1 1524258102728
::1 /setTile?x=266&y=249&c=0d3&id=1 1524258102731
::1 /setTile?x=232&y=249&c=0d3&id=1 1524258102732
::1 /setTile?x=249&y=267&c=0d3&id=1 1524258103528
::1 /setTile?x=249&y=231&c=0d3&id=1 1524258103529
::1 /setTile?x=267&y=249&c=0d3&id=1 1524258103531
::1 /setTile?x=231&y=249&c=0d3&id=1 1524258103534
::1 /setTile?x=249&y=268&c=0d3&id=1 1524258104331
::1 /setTile?x=249&y=230&c=0d3&id=1 1524258104336
::1 /setTile?x=268&y=249&c=0d3&id=1 1524258104337
::1 /setTile?x=230&y=249&c=0d3&id=1 1524258104339
::1 /setTile?x=249&y=269&c=0d3&id=1 1524258105131
::1 /setTile?x=249&y=270&c=0d3&id=1 1524258105929
::1 /setTile?x=249&y=228&c=0d3&id=1 1524258105930
::1 /setTile?x=270&y=249&c=0d3&id=1 1524258105932
::1 /setTile?x=228&y=249&c=0d3&id=1 1524258105936
::1 /setTile?x=249&y=271&c=0d3&id=1 1524258106734
::1 /setTile?x=249&y=227&c=0d3&id=1 1524258106736
::1 /setTile?x=271&y=249&c=0d3&id=1 1524258106737
::1 /setTile?x=227&y=249&c=0d3&id=1 1524258106738
::1 /setTile?x=249&y=272&c=0d3&id=1 1524258107533
::1 /setTile?x=249&y=226&c=0d3&id=1 1524258107536
::1 /setTile?x=272&y=249&c=0d3&id=1 1524258107541
::1 /setTile?x=226&y=249&c=0d3&id=1 1524258107544
::1 /setTile?x=249&y=273&c=0d3&id=1 1524258109092
::1 /setTile?x=249&y=225&c=0d3&id=1 1524258109093
::1 /setTile?x=273&y=249&c=0d3&id=1 1524258109094
::1 /setTile?x=225&y=249&c=0d3&id=1 1524258109097
::1 /setTile?x=249&y=274&c=0d3&id=1 1524258110192
::1 /setTile?x=249&y=224&c=0d3&id=1 1524258110194
::1 /setTile?x=274&y=249&c=0d3&id=1 1524258110195
::1 /setTile?x=224&y=249&c=0d3&id=1 1524258110198
::1 /setTile?x=249&y=275&c=0d3&id=1 1524258111038
::1 /setTile?x=249&y=223&c=0d3&id=1 1524258111040
::1 /setTile?x=275&y=249&c=0d3&id=1 1524258111041
::1 /setTile?x=249&y=276&c=0d3&id=1 1524258112083
::1 /setTile?x=249&y=222&c=0d3&id=1 1524258112084
::1 /setTile?x=276&y=249&c=0d3&id=1 1524258112086
::1 /setTile?x=222&y=249&c=0d3&id=1 1524258112090
::1 /setTile?x=249&y=277&c=0d3&id=1 1524258113037
::1 /setTile?x=249&y=221&c=0d3&id=1 1524258113044
::1 /setTile?x=277&y=249&c=0d3&id=1 1524258113047
::1 /setTile?x=221&y=249&c=0d3&id=1 1524258113048
::1 /setTile?x=249&y=278&c=0d3&id=1 1524258113142
::1 /setTile?x=249&y=279&c=0d3&id=1 1524258113930
::1 /setTile?x=249&y=219&c=0d3&id=1 1524258113934
::1 /setTile?x=279&y=249&c=0d3&id=1 1524258113935
::1 /setTile?x=219&y=249&c=0d3&id=1 1524258113936
::1 /setTile?x=249&y=280&c=0d3&id=1 1524258114731
::1 /setTile?x=249&y=218&c=0d3&id=1 1524258114732
::1 /setTile?x=280&y=249&c=0d3&id=1 1524258114734
::1 /setTile?x=218&y=249&c=0d3&id=1 1524258114736
::1 /setTile?x=249&y=281&c=0d3&id=1 1524258115532
::1 /setTile?x=249&y=217&c=0d3&id=1 1524258115534
::1 /setTile?x=281&y=249&c=0d3&id=1 1524258115536
::1 /setTile?x=217&y=249&c=0d3&id=1 1524258115537
::1 /setTile?x=249&y=282&c=0d3&id=1 1524258116334
::1 /setTile?x=249&y=216&c=0d3&id=1 1524258116336
::1 /setTile?x=282&y=249&c=0d3&id=1 1524258116337
::1 /setTile?x=216&y=249&c=0d3&id=1 1524258116340
::1 /setTile?x=249&y=283&c=0d3&id=1 1524258117128
::1 /setTile?x=249&y=284&c=0d3&id=1 1524258117928
::1 /setTile?x=249&y=214&c=0d3&id=1 1524258117929
::1 /setTile?x=284&y=249&c=0d3&id=1 1524258117931
::1 /setTile?x=214&y=249&c=0d3&id=1 1524258117933
::1 /setTile?x=249&y=285&c=0d3&id=1 1524258118730
::1 /setTile?x=249&y=213&c=0d3&id=1 1524258118732
::1 /setTile?x=285&y=249&c=0d3&id=1 1524258118733
::1 /setTile?x=213&y=249&c=0d3&id=1 1524258118735
::1 /setTile?x=249&y=286&c=0d3&id=1 1524258119532
::1 /setTile?x=249&y=212&c=0d3&id=1 1524258119533
::1 /setTile?x=286&y=249&c=0d3&id=1 1524258119535
::1 /setTile?x=212&y=249&c=0d3&id=1 1524258119536
::1 /setTile?x=249&y=287&c=0d3&id=1 1524258120333
::1 /setTile?x=249&y=211&c=0d3&id=1 1524258120334
::1 /setTile?x=287&y=249&c=0d3&id=1 1524258120336
::1 /setTile?x=211&y=249&c=0d3&id=1 1524258120339
::1 /setTile?x=249&y=288&c=0d3&id=1 1524258121130
::1 /setTile?x=249&y=289&c=0d3&id=1 1524258121931
::1 /setTile?x=249&y=209&c=0d3&id=1 1524258121932
::1 /setTile?x=289&y=249&c=0d3&id=1 1524258121936
::1 /setTile?x=209&y=249&c=0d3&id=1 1524258121938
::1 /setTile?x=249&y=290&c=0d3&id=1 1524258122732
::1 /setTile?x=249&y=208&c=0d3&id=1 1524258122733
::1 /setTile?x=290&y=249&c=0d3&id=1 1524258122734
::1 /setTile?x=208&y=249&c=0d3&id=1 1524258122738
::1 /setTile?x=249&y=291&c=0d3&id=1 1524258123605
::1 /setTile?x=249&y=207&c=0d3&id=1 1524258123607
::1 /setTile?x=291&y=249&c=0d3&id=1 1524258123608
::1 /setTile?x=207&y=249&c=0d3&id=1 1524258123613
::1 /setTile?x=249&y=292&c=0d3&id=1 1524258124333
::1 /setTile?x=249&y=206&c=0d3&id=1 1524258124336
::1 /setTile?x=292&y=249&c=0d3&id=1 1524258124340
::1 /setTile?x=206&y=249&c=0d3&id=1 1524258124342
::1 /setTile?x=249&y=293&c=0d3&id=1 1524258125136
::1 /setTile?x=249&y=294&c=0d3&id=1 1524258125936
::1 /setTile?x=249&y=204&c=0d3&id=1 1524258125937
::1 /setTile?x=294&y=249&c=0d3&id=1 1524258125940
::1 /setTile?x=204&y=249&c=0d3&id=1 1524258125941
::1 /setTile?x=249&y=295&c=0d3&id=1 1524258127105
::1 /setTile?x=249&y=203&c=0d3&id=1 1524258127107
::1 /setTile?x=295&y=249&c=0d3&id=1 1524258127109
::1 /setTile?x=203&y=249&c=0d3&id=1 1524258127112
::1 /setTile?x=249&y=296&c=0d3&id=1 1524258128180
::1 /setTile?x=249&y=202&c=0d3&id=1 1524258128182
::1 /setTile?x=296&y=249&c=0d3&id=1 1524258128183
::1 /setTile?x=202&y=249&c=0d3&id=1 1524258128187
::1 /setTile?x=249&y=297&c=0d3&id=1 1524258129085
::1 /setTile?x=249&y=201&c=0d3&id=1 1524258129086
::1 /setTile?x=297&y=249&c=0d3&id=1 1524258129089
::1 /setTile?x=201&y=249&c=0d3&id=1 1524258129091
::1 /setTile?x=249&y=298&c=0d3&id=1 1524258130105
::1 /setTile?x=249&y=200&c=0d3&id=1 1524258130106
::1 /setTile?x=298&y=249&c=0d3&id=1 1524258130111
::1 /setTile?x=200&y=249&c=0d3&id=1 1524258130120
::1 /setTile?x=249&y=299&c=0d3&id=1 1524258130735
::1 /setTile?x=249&y=199&c=0d3&id=1 1524258130742
::1 /setTile?x=299&y=249&c=0d3&id=1 1524258130743
::1 /setTile?x=199&y=249&c=0d3&id=1 1524258130745
::1 /getScores?&id=1 1524278245374
::1 /getGroup?&id=1 1524278257674
::1 /getGroup?&id=1 1524278272926